{"meta": {"format": 3, "version": "7.15.2", "timestamp": "2026-08-03T08:40:25.526913", "branch_coverage": false, "show_contexts": false}, "files": {"src/behive/engine/__init__.py": {"executed_lines": [37, 39, 42, 43, 44, 45, 48], "summary": {"covered_lines": 7, "num_statements": 9, "percent_covered": 77.77777777777777, "percent_covered_display": "78", "missing_lines": 2, "excluded_lines": 0, "percent_statements_covered": 77.77777777777777, "percent_statements_covered_display": "78"}, "missing_lines": [46, 47], "excluded_lines": [], "functions": {"": {"executed_lines": [37, 39, 42, 43, 44, 45, 48], "summary": {"covered_lines": 7, "num_statements": 9, "percent_covered": 77.77777777777777, "percent_covered_display": "78", "missing_lines": 2, "excluded_lines": 0, "percent_statements_covered": 77.77777777777777, "percent_statements_covered_display": "78"}, "missing_lines": [46, 47], "excluded_lines": [], "start_line": 1}}, "classes": {"": {"executed_lines": [37, 39, 42, 43, 44, 45, 48], "summary": {"covered_lines": 7, "num_statements": 9, "percent_covered": 77.77777777777777, "percent_covered_display": "78", "missing_lines": 2, "excluded_lines": 0, "percent_statements_covered": 77.77777777777777, "percent_statements_covered_display": "78"}, "missing_lines": [46, 47], "excluded_lines": [], "start_line": 1}}}, "src/behive/engine/__main__.py": {"executed_lines": [2, 3, 4, 5, 7, 10, 11, 12, 13, 18, 20, 24, 26, 28, 30, 32, 34, 36, 39, 41, 43, 44, 45, 60], "summary": {"covered_lines": 24, "num_statements": 31, "percent_covered": 77.41935483870968, "percent_covered_display": "77", "missing_lines": 7, "excluded_lines": 0, "percent_statements_covered": 77.41935483870968, "percent_statements_covered_display": "77"}, "missing_lines": [14, 15, 48, 49, 51, 52, 61], "excluded_lines": [], "functions": {"main": {"executed_lines": [20, 24, 26, 28, 30, 32, 34, 36, 39, 41, 43, 44, 45], "summary": {"covered_lines": 13, "num_statements": 17, "percent_covered": 76.47058823529412, "percent_covered_display": "76", "missing_lines": 4, "excluded_lines": 0, "percent_statements_covered": 76.47058823529412, "percent_statements_covered_display": "76"}, "missing_lines": [48, 49, 51, 52], "excluded_lines": [], "start_line": 18}, "": {"executed_lines": [2, 3, 4, 5, 7, 10, 11, 12, 13, 18, 60], "summary": {"covered_lines": 11, "num_statements": 14, "percent_covered": 78.57142857142857, "percent_covered_display": "79", "missing_lines": 3, "excluded_lines": 0, "percent_statements_covered": 78.57142857142857, "percent_statements_covered_display": "79"}, "missing_lines": [14, 15, 61], "excluded_lines": [], "start_line": 1}}, "classes": {"": {"executed_lines": [2, 3, 4, 5, 7, 10, 11, 12, 13, 18, 20, 24, 26, 28, 30, 32, 34, 36, 39, 41, 43, 44, 45, 60], "summary": {"covered_lines": 24, "num_statements": 31, "percent_covered": 77.41935483870968, "percent_covered_display": "77", "missing_lines": 7, "excluded_lines": 0, "percent_statements_covered": 77.41935483870968, "percent_statements_covered_display": "77"}, "missing_lines": [14, 15, 48, 49, 51, 52, 61], "excluded_lines": [], "start_line": 1}}}, "src/behive/engine/api_scout.py": {"executed_lines": [20, 21, 22, 23, 24, 25, 26, 27, 28, 30, 34, 36, 38, 39, 40, 46, 89, 119, 120, 122, 123, 124, 125, 128, 135, 136, 139, 140, 143, 145, 147, 148, 150, 151, 152, 153, 154, 157, 158, 159, 160, 161, 164, 165, 168, 169, 172, 173, 174, 175, 176, 179, 180, 181, 183, 186, 188, 189, 191, 193, 194, 195, 198, 199, 200, 201, 202, 203, 206, 207, 208, 209, 210, 211, 214, 215, 220, 221, 222, 223, 226, 227, 228, 229, 230, 231, 232, 235, 236, 237, 238, 240, 241, 242, 249, 250, 256, 276, 278, 279, 280, 282, 285, 287, 288, 290, 294, 297, 300, 325, 326, 329, 331, 332, 333, 337, 340, 344, 346, 347, 348, 349, 354, 357, 358, 360, 363, 364, 365, 367, 368, 371, 374, 376, 378, 382, 384, 385, 387, 388, 389, 392, 396, 397, 399, 401, 402, 403, 405, 423, 425, 426, 429, 432, 433, 435, 437, 438, 439, 440, 441, 443, 450, 451, 452, 454, 455, 456, 457, 462, 464, 465, 473, 474, 479, 482, 484, 487, 488, 507, 511, 512, 513, 516, 518, 520, 529, 530, 531, 532, 533, 534, 537, 538, 539, 540, 541, 542, 543, 544, 546, 549, 551, 552, 553, 554, 555, 557, 563, 567, 572, 588, 589, 594, 596, 600, 601, 602, 603, 606, 607, 608, 609, 611, 612, 614, 616, 627, 629, 630, 635, 644, 646, 647, 649, 650, 651, 652, 653, 654, 656, 657, 658, 659, 660, 661, 663, 664, 665, 666, 668, 673], "summary": {"covered_lines": 252, "num_statements": 337, "percent_covered": 74.77744807121661, "percent_covered_display": "75", "missing_lines": 85, "excluded_lines": 0, "percent_statements_covered": 74.77744807121661, "percent_statements_covered_display": "75"}, "missing_lines": [41, 137, 177, 216, 217, 281, 291, 334, 335, 341, 345, 351, 361, 372, 379, 380, 390, 391, 393, 394, 398, 415, 416, 417, 418, 419, 420, 430, 458, 459, 460, 461, 466, 467, 468, 469, 470, 471, 477, 489, 490, 491, 492, 494, 495, 496, 497, 498, 499, 500, 501, 502, 504, 505, 508, 556, 558, 559, 560, 561, 562, 564, 565, 566, 590, 591, 597, 598, 613, 674, 676, 677, 678, 680, 682, 683, 685, 687, 688, 689, 690, 691, 692, 693, 694], "excluded_lines": [], "functions": {"load_registry": {"executed_lines": [38, 39, 40], "summary": {"covered_lines": 3, "num_statements": 4, "percent_covered": 75.0, "percent_covered_display": "75", "missing_lines": 1, "excluded_lines": 0, "percent_statements_covered": 75.0, "percent_statements_covered_display": "75"}, "missing_lines": [41], "excluded_lines": [], "start_line": 36}, "_select_best_endpoint": {"executed_lines": [135, 136, 139, 140, 143, 145, 147, 148, 150, 151, 152, 153, 154, 157, 158, 159, 160, 161, 164, 165, 168, 169, 172, 173, 174, 175, 176, 179, 180, 181, 183], "summary": {"covered_lines": 31, "num_statements": 33, "percent_covered": 93.93939393939394, "percent_covered_display": "94", "missing_lines": 2, "excluded_lines": 0, "percent_statements_covered": 93.93939393939394, "percent_statements_covered_display": "94"}, "missing_lines": [137, 177], "excluded_lines": [], "start_line": 128}, "match_apis": {"executed_lines": [188, 189, 191, 193, 194, 195, 198, 199, 200, 201, 202, 203, 206, 207, 208, 209, 210, 211, 214, 215, 220, 221, 222, 223, 226, 227, 228, 229, 230, 231, 232, 235, 236, 237, 238, 240, 241, 242, 249, 250], "summary": {"covered_lines": 40, "num_statements": 42, "percent_covered": 95.23809523809524, "percent_covered_display": "95", "missing_lines": 2, "excluded_lines": 0, "percent_statements_covered": 95.23809523809524, "percent_statements_covered_display": "95"}, "missing_lines": [216, 217], "excluded_lines": [], "start_line": 186}, "_detect_country_code": {"executed_lines": [278, 279, 280, 282], "summary": {"covered_lines": 4, "num_statements": 5, "percent_covered": 80.0, "percent_covered_display": "80", "missing_lines": 1, "excluded_lines": 0, "percent_statements_covered": 80.0, "percent_statements_covered_display": "80"}, "missing_lines": [281], "excluded_lines": [], "start_line": 276}, "_build_url": {"executed_lines": [287, 288, 290, 294, 297, 300, 325, 326, 329, 331, 332, 333, 337, 340, 344, 346, 347, 348, 349], "summary": {"covered_lines": 19, "num_statements": 25, "percent_covered": 76.0, "percent_covered_display": "76", "missing_lines": 6, "excluded_lines": 0, "percent_statements_covered": 76.0, "percent_statements_covered_display": "76"}, "missing_lines": [291, 334, 335, 341, 345, 351], "excluded_lines": [], "start_line": 285}, "query_api": {"executed_lines": [357, 358, 360, 363, 364, 365, 367, 368, 371, 374, 376, 378, 382, 384, 385, 387, 388, 389, 392, 396, 397, 399, 401, 402, 403, 405], "summary": {"covered_lines": 26, "num_statements": 41, "percent_covered": 63.41463414634146, "percent_covered_display": "63", "missing_lines": 15, "excluded_lines": 0, "percent_statements_covered": 63.41463414634146, "percent_statements_covered_display": "63"}, "missing_lines": [361, 372, 379, 380, 390, 391, 393, 394, 398, 415, 416, 417, 418, 419, 420], "excluded_lines": [], "start_line": 354}, "_extract_text_from_response": {"executed_lines": [425, 426, 429, 432, 433, 435, 437, 438, 439, 440, 441, 443, 450, 451, 452, 454, 455, 456, 457, 462, 464, 465, 473, 474, 479], "summary": {"covered_lines": 25, "num_statements": 37, "percent_covered": 67.56756756756756, "percent_covered_display": "68", "missing_lines": 12, "excluded_lines": 0, "percent_statements_covered": 67.56756756756756, "percent_statements_covered_display": "68"}, "missing_lines": [430, 458, 459, 460, 461, 466, 467, 468, 469, 470, 471, 477], "excluded_lines": [], "start_line": 423}, "_parse_xml_text": {"executed_lines": [484, 487, 488, 507, 511, 512, 513], "summary": {"covered_lines": 7, "num_statements": 23, "percent_covered": 30.434782608695652, "percent_covered_display": "30", "missing_lines": 16, "excluded_lines": 0, "percent_statements_covered": 30.434782608695652, "percent_statements_covered_display": "30"}, "missing_lines": [489, 490, 491, 492, 494, 495, 496, 497, 498, 499, 500, 501, 502, 504, 505, 508], "excluded_lines": [], "start_line": 482}, "_dict_to_text": {"executed_lines": [518, 520, 529, 530, 531, 532, 533, 534, 537, 538, 539, 540, 541, 542, 543, 544, 546], "summary": {"covered_lines": 17, "num_statements": 17, "percent_covered": 100.0, "percent_covered_display": "100", "missing_lines": 0, "excluded_lines": 0, "percent_statements_covered": 100.0, "percent_statements_covered_display": "100"}, "missing_lines": [], "excluded_lines": [], "start_line": 516}, "_format_value": {"executed_lines": [551, 552, 553, 554, 555, 557, 563, 567], "summary": {"covered_lines": 8, "num_statements": 17, "percent_covered": 47.05882352941177, "percent_covered_display": "47", "missing_lines": 9, "excluded_lines": 0, "percent_statements_covered": 47.05882352941177, "percent_statements_covered_display": "47"}, "missing_lines": [556, 558, 559, 560, 561, 562, 564, 565, 566], "excluded_lines": [], "start_line": 549}, "scout_apis": {"executed_lines": [588, 589, 594, 596, 600, 601, 602, 603, 606, 607, 608, 609, 611, 612, 614, 616, 627, 629, 630], "summary": {"covered_lines": 19, "num_statements": 24, "percent_covered": 79.16666666666667, "percent_covered_display": "79", "missing_lines": 5, "excluded_lines": 0, "percent_statements_covered": 79.16666666666667, "percent_statements_covered_display": "79"}, "missing_lines": [590, 591, 597, 598, 613], "excluded_lines": [], "start_line": 572}, "get_api_knowledge_for_queen": {"executed_lines": [644, 646, 647, 649, 650, 651, 652, 653, 654, 656, 657, 658, 659, 660, 661, 663, 664, 665, 666, 668], "summary": {"covered_lines": 20, "num_statements": 20, "percent_covered": 100.0, "percent_covered_display": "100", "missing_lines": 0, "excluded_lines": 0, "percent_statements_covered": 100.0, "percent_statements_covered_display": "100"}, "missing_lines": [], "excluded_lines": [], "start_line": 635}, "": {"executed_lines": [20, 21, 22, 23, 24, 25, 26, 27, 28, 30, 34, 36, 46, 89, 119, 120, 122, 123, 124, 125, 128, 186, 256, 276, 285, 354, 423, 482, 516, 549, 572, 635, 673], "summary": {"covered_lines": 33, "num_statements": 49, "percent_covered": 67.34693877551021, "percent_covered_display": "67", "missing_lines": 16, "excluded_lines": 0, "percent_statements_covered": 67.34693877551021, "percent_statements_covered_display": "67"}, "missing_lines": [674, 676, 677, 678, 680, 682, 683, 685, 687, 688, 689, 690, 691, 692, 693, 694], "excluded_lines": [], "start_line": 1}}, "classes": {"APIMatch": {"executed_lines": [], "summary": {"covered_lines": 0, "num_statements": 0, "percent_covered": 100.0, "percent_covered_display": "100", "missing_lines": 0, "excluded_lines": 0, "percent_statements_covered": 100.0, "percent_statements_covered_display": "100"}, "missing_lines": [], "excluded_lines": [], "start_line": 120}, "": {"executed_lines": [20, 21, 22, 23, 24, 25, 26, 27, 28, 30, 34, 36, 38, 39, 40, 46, 89, 119, 120, 122, 123, 124, 125, 128, 135, 136, 139, 140, 143, 145, 147, 148, 150, 151, 152, 153, 154, 157, 158, 159, 160, 161, 164, 165, 168, 169, 172, 173, 174, 175, 176, 179, 180, 181, 183, 186, 188, 189, 191, 193, 194, 195, 198, 199, 200, 201, 202, 203, 206, 207, 208, 209, 210, 211, 214, 215, 220, 221, 222, 223, 226, 227, 228, 229, 230, 231, 232, 235, 236, 237, 238, 240, 241, 242, 249, 250, 256, 276, 278, 279, 280, 282, 285, 287, 288, 290, 294, 297, 300, 325, 326, 329, 331, 332, 333, 337, 340, 344, 346, 347, 348, 349, 354, 357, 358, 360, 363, 364, 365, 367, 368, 371, 374, 376, 378, 382, 384, 385, 387, 388, 389, 392, 396, 397, 399, 401, 402, 403, 405, 423, 425, 426, 429, 432, 433, 435, 437, 438, 439, 440, 441, 443, 450, 451, 452, 454, 455, 456, 457, 462, 464, 465, 473, 474, 479, 482, 484, 487, 488, 507, 511, 512, 513, 516, 518, 520, 529, 530, 531, 532, 533, 534, 537, 538, 539, 540, 541, 542, 543, 544, 546, 549, 551, 552, 553, 554, 555, 557, 563, 567, 572, 588, 589, 594, 596, 600, 601, 602, 603, 606, 607, 608, 609, 611, 612, 614, 616, 627, 629, 630, 635, 644, 646, 647, 649, 650, 651, 652, 653, 654, 656, 657, 658, 659, 660, 661, 663, 664, 665, 666, 668, 673], "summary": {"covered_lines": 252, "num_statements": 337, "percent_covered": 74.77744807121661, "percent_covered_display": "75", "missing_lines": 85, "excluded_lines": 0, "percent_statements_covered": 74.77744807121661, "percent_statements_covered_display": "75"}, "missing_lines": [41, 137, 177, 216, 217, 281, 291, 334, 335, 341, 345, 351, 361, 372, 379, 380, 390, 391, 393, 394, 398, 415, 416, 417, 418, 419, 420, 430, 458, 459, 460, 461, 466, 467, 468, 469, 470, 471, 477, 489, 490, 491, 492, 494, 495, 496, 497, 498, 499, 500, 501, 502, 504, 505, 508, 556, 558, 559, 560, 561, 562, 564, 565, 566, 590, 591, 597, 598, 613, 674, 676, 677, 678, 680, 682, 683, 685, 687, 688, 689, 690, 691, 692, 693, 694], "excluded_lines": [], "start_line": 1}}}, "src/behive/engine/bionic_quorum.py": {"executed_lines": [43, 45, 46, 47, 48, 49, 50, 51, 53, 54, 59, 60, 61, 62, 63, 66, 67, 69, 70, 71, 72, 73, 74, 75, 76, 77, 79, 81, 82, 83, 89, 95, 96, 99, 100, 103, 109, 110, 111, 112, 114, 115, 116, 117, 120, 121, 122, 123, 124, 126, 128, 129, 130, 136, 137, 138, 140, 142, 143, 144, 170, 171, 172, 210, 225, 256, 268, 294], "summary": {"covered_lines": 68, "num_statements": 130, "percent_covered": 52.30769230769231, "percent_covered_display": "52", "missing_lines": 62, "excluded_lines": 0, "percent_statements_covered": 52.30769230769231, "percent_statements_covered_display": "52"}, "missing_lines": [91, 92, 134, 135, 150, 158, 159, 164, 165, 166, 168, 182, 183, 188, 189, 191, 192, 193, 194, 196, 206, 207, 208, 215, 216, 217, 219, 220, 221, 222, 223, 226, 227, 229, 250, 251, 252, 253, 254, 258, 259, 266, 270, 271, 272, 281, 285, 286, 287, 288, 295, 296, 297, 298, 300, 301, 302, 303, 304, 305, 306, 307], "excluded_lines": [], "functions": {"QuorumResult.summary": {"executed_lines": [81, 82, 83], "summary": {"covered_lines": 3, "num_statements": 3, "percent_covered": 100.0, "percent_covered_display": "100", "missing_lines": 0, "excluded_lines": 0, "percent_statements_covered": 100.0, "percent_statements_covered_display": "100"}, "missing_lines": [], "excluded_lines": [], "start_line": 79}, "_pg_connect": {"executed_lines": [], "summary": {"covered_lines": 0, "num_statements": 2, "percent_covered": 0.0, "percent_covered_display": "0", "missing_lines": 2, "excluded_lines": 0, "percent_statements_covered": 0.0, "percent_statements_covered_display": "0"}, "missing_lines": [91, 92], "excluded_lines": [], "start_line": 89}, "_extract_keywords": {"executed_lines": [96, 99, 100], "summary": {"covered_lines": 3, "num_statements": 3, "percent_covered": 100.0, "percent_covered_display": "100", "missing_lines": 0, "excluded_lines": 0, "percent_statements_covered": 100.0, "percent_statements_covered_display": "100"}, "missing_lines": [], "excluded_lines": [], "start_line": 95}, "QuorumChecker.__init__": {"executed_lines": [110, 111, 112], "summary": {"covered_lines": 3, "num_statements": 3, "percent_covered": 100.0, "percent_covered_display": "100", "missing_lines": 0, "excluded_lines": 0, "percent_statements_covered": 100.0, "percent_statements_covered_display": "100"}, "missing_lines": [], "excluded_lines": [], "start_line": 109}, "QuorumChecker._load_topic": {"executed_lines": [115, 116, 117, 120, 121, 122, 123, 124], "summary": {"covered_lines": 8, "num_statements": 8, "percent_covered": 100.0, "percent_covered_display": "100", "missing_lines": 0, "excluded_lines": 0, "percent_statements_covered": 100.0, "percent_statements_covered_display": "100"}, "missing_lines": [], "excluded_lines": [], "start_line": 114}, "QuorumChecker._load_expansion_count": {"executed_lines": [128, 129, 130, 136, 137, 138], "summary": {"covered_lines": 6, "num_statements": 8, "percent_covered": 75.0, "percent_covered_display": "75", "missing_lines": 2, "excluded_lines": 0, "percent_statements_covered": 75.0, "percent_statements_covered_display": "75"}, "missing_lines": [134, 135], "excluded_lines": [], "start_line": 126}, "QuorumChecker.check": {"executed_lines": [142, 143, 144, 170, 171, 172], "summary": {"covered_lines": 6, "num_statements": 25, "percent_covered": 24.0, "percent_covered_display": "24", "missing_lines": 19, "excluded_lines": 0, "percent_statements_covered": 24.0, "percent_statements_covered_display": "24"}, "missing_lines": [150, 158, 159, 164, 165, 166, 168, 182, 183, 188, 189, 191, 192, 193, 194, 196, 206, 207, 208], "excluded_lines": [], "start_line": 140}, "QuorumChecker._generate_expansion_queries": {"executed_lines": [], "summary": {"covered_lines": 0, "num_statements": 8, "percent_covered": 0.0, "percent_covered_display": "0", "missing_lines": 8, "excluded_lines": 0, "percent_statements_covered": 0.0, "percent_statements_covered_display": "0"}, "missing_lines": [215, 216, 217, 219, 220, 221, 222, 223], "excluded_lines": [], "start_line": 210}, "QuorumChecker._bedrock_expansion": {"executed_lines": [], "summary": {"covered_lines": 0, "num_statements": 8, "percent_covered": 0.0, "percent_covered_display": "0", "missing_lines": 8, "excluded_lines": 0, "percent_statements_covered": 0.0, "percent_statements_covered_display": "0"}, "missing_lines": [226, 227, 229, 250, 251, 252, 253, 254], "excluded_lines": [], "start_line": 225}, "QuorumChecker._template_expansion": {"executed_lines": [], "summary": {"covered_lines": 0, "num_statements": 3, "percent_covered": 0.0, "percent_covered_display": "0", "missing_lines": 3, "excluded_lines": 0, "percent_statements_covered": 0.0, "percent_statements_covered_display": "0"}, "missing_lines": [258, 259, 266], "excluded_lines": [], "start_line": 256}, "QuorumChecker._record_expansion": {"executed_lines": [], "summary": {"covered_lines": 0, "num_statements": 8, "percent_covered": 0.0, "percent_covered_display": "0", "missing_lines": 8, "excluded_lines": 0, "percent_statements_covered": 0.0, "percent_statements_covered_display": "0"}, "missing_lines": [270, 271, 272, 281, 285, 286, 287, 288], "excluded_lines": [], "start_line": 268}, "": {"executed_lines": [43, 45, 46, 47, 48, 49, 50, 51, 53, 54, 59, 60, 61, 62, 63, 66, 67, 69, 70, 71, 72, 73, 74, 75, 76, 77, 79, 89, 95, 103, 109, 114, 126, 140, 210, 225, 256, 268, 294], "summary": {"covered_lines": 39, "num_statements": 51, "percent_covered": 76.47058823529412, "percent_covered_display": "76", "missing_lines": 12, "excluded_lines": 0, "percent_statements_covered": 76.47058823529412, "percent_statements_covered_display": "76"}, "missing_lines": [295, 296, 297, 298, 300, 301, 302, 303, 304, 305, 306, 307], "excluded_lines": [], "start_line": 1}}, "classes": {"QuorumResult": {"executed_lines": [81, 82, 83], "summary": {"covered_lines": 3, "num_statements": 3, "percent_covered": 100.0, "percent_covered_display": "100", "missing_lines": 0, "excluded_lines": 0, "percent_statements_covered": 100.0, "percent_statements_covered_display": "100"}, "missing_lines": [], "excluded_lines": [], "start_line": 67}, "QuorumChecker": {"executed_lines": [110, 111, 112, 115, 116, 117, 120, 121, 122, 123, 124, 128, 129, 130, 136, 137, 138, 142, 143, 144, 170, 171, 172], "summary": {"covered_lines": 23, "num_statements": 71, "percent_covered": 32.394366197183096, "percent_covered_display": "32", "missing_lines": 48, "excluded_lines": 0, "percent_statements_covered": 32.394366197183096, "percent_statements_covered_display": "32"}, "missing_lines": [134, 135, 150, 158, 159, 164, 165, 166, 168, 182, 183, 188, 189, 191, 192, 193, 194, 196, 206, 207, 208, 215, 216, 217, 219, 220, 221, 222, 223, 226, 227, 229, 250, 251, 252, 253, 254, 258, 259, 266, 270, 271, 272, 281, 285, 286, 287, 288], "excluded_lines": [], "start_line": 103}, "": {"executed_lines": [43, 45, 46, 47, 48, 49, 50, 51, 53, 54, 59, 60, 61, 62, 63, 66, 67, 69, 70, 71, 72, 73, 74, 75, 76, 77, 79, 89, 95, 96, 99, 100, 103, 109, 114, 126, 140, 210, 225, 256, 268, 294], "summary": {"covered_lines": 42, "num_statements": 56, "percent_covered": 75.0, "percent_covered_display": "75", "missing_lines": 14, "excluded_lines": 0, "percent_statements_covered": 75.0, "percent_statements_covered_display": "75"}, "missing_lines": [91, 92, 295, 296, 297, 298, 300, 301, 302, 303, 304, 305, 306, 307], "excluded_lines": [], "start_line": 1}}}, "src/behive/engine/constants.py": {"executed_lines": [10, 11, 12, 13, 14, 19, 20, 21, 26, 27, 28, 29, 30, 31, 32, 33, 34, 39, 40, 41, 42, 47, 48, 49, 50, 55, 56, 57, 58], "summary": {"covered_lines": 29, "num_statements": 29, "percent_covered": 100.0, "percent_covered_display": "100", "missing_lines": 0, "excluded_lines": 0, "percent_statements_covered": 100.0, "percent_statements_covered_display": "100"}, "missing_lines": [], "excluded_lines": [], "functions": {"": {"executed_lines": [10, 11, 12, 13, 14, 19, 20, 21, 26, 27, 28, 29, 30, 31, 32, 33, 34, 39, 40, 41, 42, 47, 48, 49, 50, 55, 56, 57, 58], "summary": {"covered_lines": 29, "num_statements": 29, "percent_covered": 100.0, "percent_covered_display": "100", "missing_lines": 0, "excluded_lines": 0, "percent_statements_covered": 100.0, "percent_statements_covered_display": "100"}, "missing_lines": [], "excluded_lines": [], "start_line": 1}}, "classes": {"": {"executed_lines": [10, 11, 12, 13, 14, 19, 20, 21, 26, 27, 28, 29, 30, 31, 32, 33, 34, 39, 40, 41, 42, 47, 48, 49, 50, 55, 56, 57, 58], "summary": {"covered_lines": 29, "num_statements": 29, "percent_covered": 100.0, "percent_covered_display": "100", "missing_lines": 0, "excluded_lines": 0, "percent_statements_covered": 100.0, "percent_statements_covered_display": "100"}, "missing_lines": [], "excluded_lines": [], "start_line": 1}}}, "src/behive/engine/content_quality.py": {"executed_lines": [32, 34, 35, 40, 45, 51, 54, 55, 58, 74, 77, 82, 83, 92, 93, 94, 97, 98, 99, 100, 102, 104, 105, 106, 107, 108, 109, 111, 117, 121, 122, 124, 125, 126, 127, 128, 129, 131, 136, 137, 138, 139, 140, 142, 143, 144, 145, 146, 147, 148, 149, 151, 154, 156, 158, 162, 168, 170, 182, 184, 187, 189, 192, 194, 195, 196, 197, 198, 204], "summary": {"covered_lines": 69, "num_statements": 116, "percent_covered": 59.48275862068966, "percent_covered_display": "59", "missing_lines": 47, "excluded_lines": 0, "percent_statements_covered": 59.48275862068966, "percent_statements_covered_display": "59"}, "missing_lines": [103, 113, 133, 205, 207, 209, 210, 211, 212, 213, 216, 217, 225, 227, 228, 230, 231, 232, 233, 235, 237, 238, 239, 241, 242, 243, 245, 246, 247, 249, 250, 256, 257, 258, 259, 260, 262, 265, 266, 267, 268, 269, 270, 271, 273, 274, 275], "excluded_lines": [], "functions": {"score_content_detailed": {"executed_lines": [82, 83, 92, 93, 94, 97, 98, 99, 100, 102, 104, 105, 106, 107, 108, 109, 111, 117, 121, 122, 124, 125, 126, 127, 128, 129, 131, 136, 137, 138, 139, 140, 142, 143, 144, 145, 146, 147, 148, 149, 151, 154, 156, 158, 162, 168, 170], "summary": {"covered_lines": 47, "num_statements": 50, "percent_covered": 94.0, "percent_covered_display": "94", "missing_lines": 3, "excluded_lines": 0, "percent_statements_covered": 94.0, "percent_statements_covered_display": "94"}, "missing_lines": [103, 113, 133], "excluded_lines": [], "start_line": 77}, "score_content": {"executed_lines": [184], "summary": {"covered_lines": 1, "num_statements": 1, "percent_covered": 100.0, "percent_covered_display": "100", "missing_lines": 0, "excluded_lines": 0, "percent_statements_covered": 100.0, "percent_statements_covered_display": "100"}, "missing_lines": [], "excluded_lines": [], "start_line": 182}, "is_covert_infected": {"executed_lines": [189], "summary": {"covered_lines": 1, "num_statements": 1, "percent_covered": 100.0, "percent_covered_display": "100", "missing_lines": 0, "excluded_lines": 0, "percent_statements_covered": 100.0, "percent_statements_covered_display": "100"}, "missing_lines": [], "excluded_lines": [], "start_line": 187}, "quality_label": {"executed_lines": [194, 195, 196, 197, 198], "summary": {"covered_lines": 5, "num_statements": 5, "percent_covered": 100.0, "percent_covered_display": "100", "missing_lines": 0, "excluded_lines": 0, "percent_statements_covered": 100.0, "percent_statements_covered_display": "100"}, "missing_lines": [], "excluded_lines": [], "start_line": 192}, "": {"executed_lines": [32, 34, 35, 40, 45, 51, 54, 55, 58, 74, 77, 182, 187, 192, 204], "summary": {"covered_lines": 15, "num_statements": 59, "percent_covered": 25.423728813559322, "percent_covered_display": "25", "missing_lines": 44, "excluded_lines": 0, "percent_statements_covered": 25.423728813559322, "percent_statements_covered_display": "25"}, "missing_lines": [205, 207, 209, 210, 211, 212, 213, 216, 217, 225, 227, 228, 230, 231, 232, 233, 235, 237, 238, 239, 241, 242, 243, 245, 246, 247, 249, 250, 256, 257, 258, 259, 260, 262, 265, 266, 267, 268, 269, 270, 271, 273, 274, 275], "excluded_lines": [], "start_line": 1}}, "classes": {"": {"executed_lines": [32, 34, 35, 40, 45, 51, 54, 55, 58, 74, 77, 82, 83, 92, 93, 94, 97, 98, 99, 100, 102, 104, 105, 106, 107, 108, 109, 111, 117, 121, 122, 124, 125, 126, 127, 128, 129, 131, 136, 137, 138, 139, 140, 142, 143, 144, 145, 146, 147, 148, 149, 151, 154, 156, 158, 162, 168, 170, 182, 184, 187, 189, 192, 194, 195, 196, 197, 198, 204], "summary": {"covered_lines": 69, "num_statements": 116, "percent_covered": 59.48275862068966, "percent_covered_display": "59", "missing_lines": 47, "excluded_lines": 0, "percent_statements_covered": 59.48275862068966, "percent_statements_covered_display": "59"}, "missing_lines": [103, 113, 133, 205, 207, 209, 210, 211, 212, 213, 216, 217, 225, 227, 228, 230, 231, 232, 233, 235, 237, 238, 239, 241, 242, 243, 245, 246, 247, 249, 250, 256, 257, 258, 259, 260, 262, 265, 266, 267, 268, 269, 270, 271, 273, 274, 275], "excluded_lines": [], "start_line": 1}}}, "src/behive/engine/db.py": {"executed_lines": [19, 20, 21, 22, 25, 27, 28, 29, 30, 31, 32, 33, 38, 40, 42, 43, 44, 45, 46, 47, 48, 49, 58, 59, 60, 61, 62, 64, 68, 69, 72, 75, 76, 77, 78, 87, 90, 92, 95, 96, 98, 99, 100, 101, 102, 107, 110, 111, 113, 114, 115, 116, 117, 118, 123, 129, 136, 137, 138, 139, 140, 141, 143, 145, 146, 147, 151, 152, 155, 157, 158, 159, 160, 161, 162, 163, 164, 165, 167, 169, 170, 173, 196, 198, 199, 202, 211, 212, 214, 215, 218, 220, 222, 224, 226, 228, 229, 230, 231, 232, 233, 235, 237, 239, 240, 242, 243, 245, 246, 248, 249, 252, 253, 254, 257, 261, 262, 267, 273, 278, 280, 281, 300, 302, 303, 330, 332, 333, 334, 335, 336, 341, 342, 352], "summary": {"covered_lines": 134, "num_statements": 202, "percent_covered": 66.33663366336634, "percent_covered_display": "66", "missing_lines": 68, "excluded_lines": 0, "percent_statements_covered": 66.33663366336634, "percent_statements_covered_display": "66"}, "missing_lines": [52, 53, 54, 55, 56, 103, 104, 105, 119, 120, 121, 171, 175, 176, 177, 180, 181, 183, 185, 186, 187, 188, 189, 190, 191, 192, 193, 194, 200, 204, 205, 206, 207, 208, 209, 216, 258, 283, 284, 285, 287, 289, 291, 292, 293, 294, 295, 297, 305, 306, 307, 308, 310, 311, 313, 315, 317, 319, 320, 321, 322, 323, 325, 347, 348, 349, 353, 354], "excluded_lines": [], "functions": {"get_pg_pool": {"executed_lines": [75, 76, 77, 78, 87], "summary": {"covered_lines": 5, "num_statements": 5, "percent_covered": 100.0, "percent_covered_display": "100", "missing_lines": 0, "excluded_lines": 0, "percent_statements_covered": 100.0, "percent_statements_covered_display": "100"}, "missing_lines": [], "excluded_lines": [], "start_line": 72}, "get_pg_connection": {"executed_lines": [92], "summary": {"covered_lines": 1, "num_statements": 1, "percent_covered": 100.0, "percent_covered_display": "100", "missing_lines": 0, "excluded_lines": 0, "percent_statements_covered": 100.0, "percent_statements_covered_display": "100"}, "missing_lines": [], "excluded_lines": [], "start_line": 90}, "pg_connection": {"executed_lines": [98, 99, 100, 101, 102, 107], "summary": {"covered_lines": 6, "num_statements": 9, "percent_covered": 66.66666666666667, "percent_covered_display": "67", "missing_lines": 3, "excluded_lines": 0, "percent_statements_covered": 66.66666666666667, "percent_statements_covered_display": "67"}, "missing_lines": [103, 104, 105], "excluded_lines": [], "start_line": 96}, "pg_cursor": {"executed_lines": [113, 114, 115, 116, 117, 118, 123], "summary": {"covered_lines": 7, "num_statements": 10, "percent_covered": 70.0, "percent_covered_display": "70", "missing_lines": 3, "excluded_lines": 0, "percent_statements_covered": 70.0, "percent_statements_covered_display": "70"}, "missing_lines": [119, 120, 121], "excluded_lines": [], "start_line": 111}, "PgConnection.__init__": {"executed_lines": [137, 138, 139, 140, 141], "summary": {"covered_lines": 5, "num_statements": 5, "percent_covered": 100.0, "percent_covered_display": "100", "missing_lines": 0, "excluded_lines": 0, "percent_statements_covered": 100.0, "percent_statements_covered_display": "100"}, "missing_lines": [], "excluded_lines": [], "start_line": 136}, "PgConnection.execute": {"executed_lines": [145, 146, 147, 151, 152, 155, 157, 158, 159, 160, 161, 162, 163, 164, 165], "summary": {"covered_lines": 15, "num_statements": 15, "percent_covered": 100.0, "percent_covered_display": "100", "missing_lines": 0, "excluded_lines": 0, "percent_statements_covered": 100.0, "percent_statements_covered_display": "100"}, "missing_lines": [], "excluded_lines": [], "start_line": 143}, "PgConnection.fetchone": {"executed_lines": [169, 170], "summary": {"covered_lines": 2, "num_statements": 3, "percent_covered": 66.66666666666667, "percent_covered_display": "67", "missing_lines": 1, "excluded_lines": 0, "percent_statements_covered": 66.66666666666667, "percent_statements_covered_display": "67"}, "missing_lines": [171], "excluded_lines": [], "start_line": 167}, "PgConnection.executemany": {"executed_lines": [], "summary": {"covered_lines": 0, "num_statements": 16, "percent_covered": 0.0, "percent_covered_display": "0", "missing_lines": 16, "excluded_lines": 0, "percent_statements_covered": 0.0, "percent_statements_covered_display": "0"}, "missing_lines": [175, 176, 177, 180, 181, 183, 185, 186, 187, 188, 189, 190, 191, 192, 193, 194], "excluded_lines": [], "start_line": 173}, "PgConnection.fetchall": {"executed_lines": [198, 199], "summary": {"covered_lines": 2, "num_statements": 3, "percent_covered": 66.66666666666667, "percent_covered_display": "67", "missing_lines": 1, "excluded_lines": 0, "percent_statements_covered": 66.66666666666667, "percent_statements_covered_display": "67"}, "missing_lines": [200], "excluded_lines": [], "start_line": 196}, "PgConnection.fetchdf": {"executed_lines": [], "summary": {"covered_lines": 0, "num_statements": 6, "percent_covered": 0.0, "percent_covered_display": "0", "missing_lines": 6, "excluded_lines": 0, "percent_statements_covered": 0.0, "percent_statements_covered_display": "0"}, "missing_lines": [204, 205, 206, 207, 208, 209], "excluded_lines": [], "start_line": 202}, "PgConnection.description": {"executed_lines": [214, 215], "summary": {"covered_lines": 2, "num_statements": 3, "percent_covered": 66.66666666666667, "percent_covered_display": "67", "missing_lines": 1, "excluded_lines": 0, "percent_statements_covered": 66.66666666666667, "percent_statements_covered_display": "67"}, "missing_lines": [216], "excluded_lines": [], "start_line": 212}, "PgConnection.commit": {"executed_lines": [220], "summary": {"covered_lines": 1, "num_statements": 1, "percent_covered": 100.0, "percent_covered_display": "100", "missing_lines": 0, "excluded_lines": 0, "percent_statements_covered": 100.0, "percent_statements_covered_display": "100"}, "missing_lines": [], "excluded_lines": [], "start_line": 218}, "PgConnection.rollback": {"executed_lines": [224], "summary": {"covered_lines": 1, "num_statements": 1, "percent_covered": 100.0, "percent_covered_display": "100", "missing_lines": 0, "excluded_lines": 0, "percent_statements_covered": 100.0, "percent_statements_covered_display": "100"}, "missing_lines": [], "excluded_lines": [], "start_line": 222}, "PgConnection.close": {"executed_lines": [228, 229, 230, 231, 232, 233], "summary": {"covered_lines": 6, "num_statements": 6, "percent_covered": 100.0, "percent_covered_display": "100", "missing_lines": 0, "excluded_lines": 0, "percent_statements_covered": 100.0, "percent_statements_covered_display": "100"}, "missing_lines": [], "excluded_lines": [], "start_line": 226}, "PgConnection.cursor": {"executed_lines": [237], "summary": {"covered_lines": 1, "num_statements": 1, "percent_covered": 100.0, "percent_covered_display": "100", "missing_lines": 0, "excluded_lines": 0, "percent_statements_covered": 100.0, "percent_statements_covered_display": "100"}, "missing_lines": [], "excluded_lines": [], "start_line": 235}, "PgConnection.__enter__": {"executed_lines": [240], "summary": {"covered_lines": 1, "num_statements": 1, "percent_covered": 100.0, "percent_covered_display": "100", "missing_lines": 0, "excluded_lines": 0, "percent_statements_covered": 100.0, "percent_statements_covered_display": "100"}, "missing_lines": [], "excluded_lines": [], "start_line": 239}, "PgConnection.__exit__": {"executed_lines": [243], "summary": {"covered_lines": 1, "num_statements": 1, "percent_covered": 100.0, "percent_covered_display": "100", "missing_lines": 0, "excluded_lines": 0, "percent_statements_covered": 100.0, "percent_statements_covered_display": "100"}, "missing_lines": [], "excluded_lines": [], "start_line": 242}, "PgConnection._adapt_sql": {"executed_lines": [248, 249, 252, 253, 254, 257, 261, 262], "summary": {"covered_lines": 8, "num_statements": 9, "percent_covered": 88.88888888888889, "percent_covered_display": "89", "missing_lines": 1, "excluded_lines": 0, "percent_statements_covered": 88.88888888888889, "percent_statements_covered_display": "89"}, "missing_lines": [258], "excluded_lines": [], "start_line": 246}, "connect": {"executed_lines": [273], "summary": {"covered_lines": 1, "num_statements": 1, "percent_covered": 100.0, "percent_covered_display": "100", "missing_lines": 0, "excluded_lines": 0, "percent_statements_covered": 100.0, "percent_statements_covered_display": "100"}, "missing_lines": [], "excluded_lines": [], "start_line": 267}, "insert_batch": {"executed_lines": [280, 281], "summary": {"covered_lines": 2, "num_statements": 13, "percent_covered": 15.384615384615385, "percent_covered_display": "15", "missing_lines": 11, "excluded_lines": 0, "percent_statements_covered": 15.384615384615385, "percent_statements_covered_display": "15"}, "missing_lines": [283, 284, 285, 287, 289, 291, 292, 293, 294, 295, 297], "excluded_lines": [], "start_line": 278}, "upsert_batch": {"executed_lines": [302, 303], "summary": {"covered_lines": 2, "num_statements": 17, "percent_covered": 11.764705882352942, "percent_covered_display": "12", "missing_lines": 15, "excluded_lines": 0, "percent_statements_covered": 11.764705882352942, "percent_statements_covered_display": "12"}, "missing_lines": [305, 306, 307, 308, 310, 311, 313, 315, 317, 319, 320, 321, 322, 323, 325], "excluded_lines": [], "start_line": 300}, "health_check": {"executed_lines": [332, 333, 334, 335, 336, 341, 342], "summary": {"covered_lines": 7, "num_statements": 10, "percent_covered": 70.0, "percent_covered_display": "70", "missing_lines": 3, "excluded_lines": 0, "percent_statements_covered": 70.0, "percent_statements_covered_display": "70"}, "missing_lines": [347, 348, 349], "excluded_lines": [], "start_line": 330}, "": {"executed_lines": [19, 20, 21, 22, 25, 27, 28, 29, 30, 31, 32, 33, 38, 40, 42, 43, 44, 45, 46, 47, 48, 49, 58, 59, 60, 61, 62, 64, 68, 69, 72, 90, 95, 96, 110, 111, 129, 136, 143, 167, 173, 196, 202, 211, 212, 218, 222, 226, 235, 239, 242, 245, 246, 267, 278, 300, 330, 352], "summary": {"covered_lines": 58, "num_statements": 65, "percent_covered": 89.23076923076923, "percent_covered_display": "89", "missing_lines": 7, "excluded_lines": 0, "percent_statements_covered": 89.23076923076923, "percent_statements_covered_display": "89"}, "missing_lines": [52, 53, 54, 55, 56, 353, 354], "excluded_lines": [], "start_line": 1}}, "classes": {"PgConnection": {"executed_lines": [137, 138, 139, 140, 141, 145, 146, 147, 151, 152, 155, 157, 158, 159, 160, 161, 162, 163, 164, 165, 169, 170, 198, 199, 214, 215, 220, 224, 228, 229, 230, 231, 232, 233, 237, 240, 243, 248, 249, 252, 253, 254, 257, 261, 262], "summary": {"covered_lines": 45, "num_statements": 71, "percent_covered": 63.38028169014085, "percent_covered_display": "63", "missing_lines": 26, "excluded_lines": 0, "percent_statements_covered": 63.38028169014085, "percent_statements_covered_display": "63"}, "missing_lines": [171, 175, 176, 177, 180, 181, 183, 185, 186, 187, 188, 189, 190, 191, 192, 193, 194, 200, 204, 205, 206, 207, 208, 209, 216, 258], "excluded_lines": [], "start_line": 129}, "": {"executed_lines": [19, 20, 21, 22, 25, 27, 28, 29, 30, 31, 32, 33, 38, 40, 42, 43, 44, 45, 46, 47, 48, 49, 58, 59, 60, 61, 62, 64, 68, 69, 72, 75, 76, 77, 78, 87, 90, 92, 95, 96, 98, 99, 100, 101, 102, 107, 110, 111, 113, 114, 115, 116, 117, 118, 123, 129, 136, 143, 167, 173, 196, 202, 211, 212, 218, 222, 226, 235, 239, 242, 245, 246, 267, 273, 278, 280, 281, 300, 302, 303, 330, 332, 333, 334, 335, 336, 341, 342, 352], "summary": {"covered_lines": 89, "num_statements": 131, "percent_covered": 67.93893129770993, "percent_covered_display": "68", "missing_lines": 42, "excluded_lines": 0, "percent_statements_covered": 67.93893129770993, "percent_statements_covered_display": "68"}, "missing_lines": [52, 53, 54, 55, 56, 103, 104, 105, 119, 120, 121, 283, 284, 285, 287, 289, 291, 292, 293, 294, 295, 297, 305, 306, 307, 308, 310, 311, 313, 315, 317, 319, 320, 321, 322, 323, 325, 347, 348, 349, 353, 354], "excluded_lines": [], "start_line": 1}}}, "src/behive/engine/db_helpers.py": {"executed_lines": [7, 8, 9, 10, 12, 15, 16, 19, 22, 23, 24, 25, 26, 27, 30, 33, 35, 36, 37, 46, 48, 51, 53, 54, 55, 56, 57, 58, 59, 62, 64, 65, 66, 74, 76, 77, 78, 81, 83, 84, 86, 89, 91, 92, 93, 100, 103, 105, 106, 107, 112, 113, 115, 118, 120, 121, 122], "summary": {"covered_lines": 57, "num_statements": 64, "percent_covered": 89.0625, "percent_covered_display": "89", "missing_lines": 7, "excluded_lines": 0, "percent_statements_covered": 89.0625, "percent_statements_covered_display": "89"}, "missing_lines": [28, 29, 38, 67, 82, 98, 111], "excluded_lines": [], "functions": {"_ensure_pg": {"executed_lines": [22, 23, 24, 25, 26, 27, 30], "summary": {"covered_lines": 7, "num_statements": 9, "percent_covered": 77.77777777777777, "percent_covered_display": "78", "missing_lines": 2, "excluded_lines": 0, "percent_statements_covered": 77.77777777777777, "percent_statements_covered_display": "78"}, "missing_lines": [28, 29], "excluded_lines": [], "start_line": 19}, "_connect_db": {"executed_lines": [35, 36, 37], "summary": {"covered_lines": 3, "num_statements": 4, "percent_covered": 75.0, "percent_covered_display": "75", "missing_lines": 1, "excluded_lines": 0, "percent_statements_covered": 75.0, "percent_statements_covered_display": "75"}, "missing_lines": [38], "excluded_lines": [], "start_line": 33}, "_get_pg": {"executed_lines": [48], "summary": {"covered_lines": 1, "num_statements": 1, "percent_covered": 100.0, "percent_covered_display": "100", "missing_lines": 0, "excluded_lines": 0, "percent_statements_covered": 100.0, "percent_statements_covered_display": "100"}, "missing_lines": [], "excluded_lines": [], "start_line": 46}, "_strip_sql_comments": {"executed_lines": [53, 54, 55, 56, 57, 58, 59], "summary": {"covered_lines": 7, "num_statements": 7, "percent_covered": 100.0, "percent_covered_display": "100", "missing_lines": 0, "excluded_lines": 0, "percent_statements_covered": 100.0, "percent_statements_covered_display": "100"}, "missing_lines": [], "excluded_lines": [], "start_line": 51}, "_init_db": {"executed_lines": [64, 65, 66], "summary": {"covered_lines": 3, "num_statements": 4, "percent_covered": 75.0, "percent_covered_display": "75", "missing_lines": 1, "excluded_lines": 0, "percent_statements_covered": 75.0, "percent_statements_covered_display": "75"}, "missing_lines": [67], "excluded_lines": [], "start_line": 62}, "_get_mission": {"executed_lines": [76, 77, 78, 81, 83, 84, 86], "summary": {"covered_lines": 7, "num_statements": 8, "percent_covered": 87.5, "percent_covered_display": "88", "missing_lines": 1, "excluded_lines": 0, "percent_statements_covered": 87.5, "percent_statements_covered_display": "88"}, "missing_lines": [82], "excluded_lines": [], "start_line": 74}, "_create_mission": {"executed_lines": [91, 92, 93, 100], "summary": {"covered_lines": 4, "num_statements": 5, "percent_covered": 80.0, "percent_covered_display": "80", "missing_lines": 1, "excluded_lines": 0, "percent_statements_covered": 80.0, "percent_statements_covered_display": "80"}, "missing_lines": [98], "excluded_lines": [], "start_line": 89}, "_get_unresolved_gaps": {"executed_lines": [105, 106, 107, 112, 113, 115], "summary": {"covered_lines": 6, "num_statements": 7, "percent_covered": 85.71428571428571, "percent_covered_display": "86", "missing_lines": 1, "excluded_lines": 0, "percent_statements_covered": 85.71428571428571, "percent_statements_covered_display": "86"}, "missing_lines": [111], "excluded_lines": [], "start_line": 103}, "new_mission_id": {"executed_lines": [120, 121, 122], "summary": {"covered_lines": 3, "num_statements": 3, "percent_covered": 100.0, "percent_covered_display": "100", "missing_lines": 0, "excluded_lines": 0, "percent_statements_covered": 100.0, "percent_statements_covered_display": "100"}, "missing_lines": [], "excluded_lines": [], "start_line": 118}, "": {"executed_lines": [7, 8, 9, 10, 12, 15, 16, 19, 33, 46, 51, 62, 74, 89, 103, 118], "summary": {"covered_lines": 16, "num_statements": 16, "percent_covered": 100.0, "percent_covered_display": "100", "missing_lines": 0, "excluded_lines": 0, "percent_statements_covered": 100.0, "percent_statements_covered_display": "100"}, "missing_lines": [], "excluded_lines": [], "start_line": 1}}, "classes": {"": {"executed_lines": [7, 8, 9, 10, 12, 15, 16, 19, 22, 23, 24, 25, 26, 27, 30, 33, 35, 36, 37, 46, 48, 51, 53, 54, 55, 56, 57, 58, 59, 62, 64, 65, 66, 74, 76, 77, 78, 81, 83, 84, 86, 89, 91, 92, 93, 100, 103, 105, 106, 107, 112, 113, 115, 118, 120, 121, 122], "summary": {"covered_lines": 57, "num_statements": 64, "percent_covered": 89.0625, "percent_covered_display": "89", "missing_lines": 7, "excluded_lines": 0, "percent_statements_covered": 89.0625, "percent_statements_covered_display": "89"}, "missing_lines": [28, 29, 38, 67, 82, 98, 111], "excluded_lines": [], "start_line": 1}}}, "src/behive/engine/domain_reputation.py": {"executed_lines": [41, 43, 44, 45, 46, 47, 48, 50, 52, 54, 71, 72, 73, 74, 75, 76, 77, 78, 81, 82, 83, 84, 86, 87, 89, 90, 96, 102, 108, 109, 110, 111, 113, 114, 115, 116, 117, 118, 119, 121, 123, 125, 126, 127, 149, 150, 151, 157, 159, 160, 161, 164, 166, 196, 215, 221, 222, 224, 226, 227, 228, 229, 232, 233, 234, 235, 237, 248, 253, 258, 259, 357, 401, 404, 407, 408, 409, 415], "summary": {"covered_lines": 78, "num_statements": 203, "percent_covered": 38.423645320197046, "percent_covered_display": "38", "missing_lines": 125, "excluded_lines": 0, "percent_statements_covered": 38.423645320197046, "percent_statements_covered_display": "38"}, "missing_lines": [91, 92, 93, 98, 99, 124, 134, 135, 136, 147, 148, 162, 163, 172, 173, 174, 175, 177, 178, 181, 182, 184, 185, 186, 187, 188, 189, 190, 191, 192, 194, 198, 199, 200, 201, 202, 249, 261, 262, 264, 265, 266, 267, 268, 273, 274, 275, 279, 282, 283, 285, 286, 287, 291, 292, 293, 294, 298, 299, 300, 302, 314, 315, 316, 317, 318, 342, 343, 345, 346, 347, 348, 350, 351, 359, 360, 361, 362, 365, 371, 377, 379, 384, 385, 386, 387, 388, 389, 390, 391, 392, 393, 394, 395, 416, 417, 418, 419, 420, 422, 428, 429, 430, 431, 432, 433, 434, 435, 436, 437, 438, 439, 440, 442, 443, 444, 445, 446, 447, 448, 456, 457, 458, 459, 460], "excluded_lines": [], "functions": {"_extract_domain": {"executed_lines": [82, 83, 84, 86, 87, 89, 90], "summary": {"covered_lines": 7, "num_statements": 10, "percent_covered": 70.0, "percent_covered_display": "70", "missing_lines": 3, "excluded_lines": 0, "percent_statements_covered": 70.0, "percent_statements_covered_display": "70"}, "missing_lines": [91, 92, 93], "excluded_lines": [], "start_line": 81}, "_pg_connect": {"executed_lines": [], "summary": {"covered_lines": 0, "num_statements": 2, "percent_covered": 0.0, "percent_covered_display": "0", "missing_lines": 2, "excluded_lines": 0, "percent_statements_covered": 0.0, "percent_statements_covered_display": "0"}, "missing_lines": [98, 99], "excluded_lines": [], "start_line": 96}, "DomainReputation.__init__": {"executed_lines": [109, 110, 111], "summary": {"covered_lines": 3, "num_statements": 3, "percent_covered": 100.0, "percent_covered_display": "100", "missing_lines": 0, "excluded_lines": 0, "percent_statements_covered": 100.0, "percent_statements_covered_display": "100"}, "missing_lines": [], "excluded_lines": [], "start_line": 108}, "DomainReputation._ensure_schema": {"executed_lines": [114, 115, 116, 117, 118, 119], "summary": {"covered_lines": 6, "num_statements": 6, "percent_covered": 100.0, "percent_covered_display": "100", "missing_lines": 0, "excluded_lines": 0, "percent_statements_covered": 100.0, "percent_statements_covered_display": "100"}, "missing_lines": [], "excluded_lines": [], "start_line": 113}, "DomainReputation._load": {"executed_lines": [123, 125, 126, 127, 149, 150, 151], "summary": {"covered_lines": 7, "num_statements": 13, "percent_covered": 53.84615384615385, "percent_covered_display": "54", "missing_lines": 6, "excluded_lines": 0, "percent_statements_covered": 53.84615384615385, "percent_statements_covered_display": "54"}, "missing_lines": [124, 134, 135, 136, 147, 148], "excluded_lines": [], "start_line": 121}, "DomainReputation.should_skip": {"executed_lines": [159, 160, 161, 164], "summary": {"covered_lines": 4, "num_statements": 6, "percent_covered": 66.66666666666667, "percent_covered_display": "67", "missing_lines": 2, "excluded_lines": 0, "percent_statements_covered": 66.66666666666667, "percent_statements_covered_display": "67"}, "missing_lines": [162, 163], "excluded_lines": [], "start_line": 157}, "DomainReputation.get_score_boost": {"executed_lines": [], "summary": {"covered_lines": 0, "num_statements": 18, "percent_covered": 0.0, "percent_covered_display": "0", "missing_lines": 18, "excluded_lines": 0, "percent_statements_covered": 0.0, "percent_statements_covered_display": "0"}, "missing_lines": [172, 173, 174, 175, 177, 178, 181, 182, 184, 185, 186, 187, 188, 189, 190, 191, 192, 194], "excluded_lines": [], "start_line": 166}, "DomainReputation.get_reputation_summary": {"executed_lines": [], "summary": {"covered_lines": 0, "num_statements": 5, "percent_covered": 0.0, "percent_covered_display": "0", "missing_lines": 5, "excluded_lines": 0, "percent_statements_covered": 0.0, "percent_statements_covered_display": "0"}, "missing_lines": [198, 199, 200, 201, 202], "excluded_lines": [], "start_line": 196}, "DomainReputation.update": {"executed_lines": [221, 222, 224, 226, 227, 228, 229, 232, 233, 234, 235, 237, 248], "summary": {"covered_lines": 13, "num_statements": 14, "percent_covered": 92.85714285714286, "percent_covered_display": "93", "missing_lines": 1, "excluded_lines": 0, "percent_statements_covered": 92.85714285714286, "percent_statements_covered_display": "93"}, "missing_lines": [249], "excluded_lines": [], "start_line": 215}, "DomainReputation.flush": {"executed_lines": [258, 259], "summary": {"covered_lines": 2, "num_statements": 39, "percent_covered": 5.128205128205129, "percent_covered_display": "5", "missing_lines": 37, "excluded_lines": 0, "percent_statements_covered": 5.128205128205129, "percent_statements_covered_display": "5"}, "missing_lines": [261, 262, 264, 265, 266, 267, 268, 273, 274, 275, 279, 282, 283, 285, 286, 287, 291, 292, 293, 294, 298, 299, 300, 302, 314, 315, 316, 317, 318, 342, 343, 345, 346, 347, 348, 350, 351], "excluded_lines": [], "start_line": 253}, "DomainReputation.report": {"executed_lines": [], "summary": {"covered_lines": 0, "num_statements": 20, "percent_covered": 0.0, "percent_covered_display": "0", "missing_lines": 20, "excluded_lines": 0, "percent_statements_covered": 0.0, "percent_statements_covered_display": "0"}, "missing_lines": [359, 360, 361, 362, 365, 371, 377, 379, 384, 385, 386, 387, 388, 389, 390, 391, 392, 393, 394, 395], "excluded_lines": [], "start_line": 357}, "get_reputation": {"executed_lines": [407, 408, 409], "summary": {"covered_lines": 3, "num_statements": 3, "percent_covered": 100.0, "percent_covered_display": "100", "missing_lines": 0, "excluded_lines": 0, "percent_statements_covered": 100.0, "percent_statements_covered_display": "100"}, "missing_lines": [], "excluded_lines": [], "start_line": 404}, "": {"executed_lines": [41, 43, 44, 45, 46, 47, 48, 50, 52, 54, 71, 72, 73, 74, 75, 76, 77, 78, 81, 96, 102, 108, 113, 121, 157, 166, 196, 215, 253, 357, 401, 404, 415], "summary": {"covered_lines": 33, "num_statements": 64, "percent_covered": 51.5625, "percent_covered_display": "52", "missing_lines": 31, "excluded_lines": 0, "percent_statements_covered": 51.5625, "percent_statements_covered_display": "52"}, "missing_lines": [416, 417, 418, 419, 420, 422, 428, 429, 430, 431, 432, 433, 434, 435, 436, 437, 438, 439, 440, 442, 443, 444, 445, 446, 447, 448, 456, 457, 458, 459, 460], "excluded_lines": [], "start_line": 1}}, "classes": {"DomainReputation": {"executed_lines": [109, 110, 111, 114, 115, 116, 117, 118, 119, 123, 125, 126, 127, 149, 150, 151, 159, 160, 161, 164, 221, 222, 224, 226, 227, 228, 229, 232, 233, 234, 235, 237, 248, 258, 259], "summary": {"covered_lines": 35, "num_statements": 124, "percent_covered": 28.225806451612904, "percent_covered_display": "28", "missing_lines": 89, "excluded_lines": 0, "percent_statements_covered": 28.225806451612904, "percent_statements_covered_display": "28"}, "missing_lines": [124, 134, 135, 136, 147, 148, 162, 163, 172, 173, 174, 175, 177, 178, 181, 182, 184, 185, 186, 187, 188, 189, 190, 191, 192, 194, 198, 199, 200, 201, 202, 249, 261, 262, 264, 265, 266, 267, 268, 273, 274, 275, 279, 282, 283, 285, 286, 287, 291, 292, 293, 294, 298, 299, 300, 302, 314, 315, 316, 317, 318, 342, 343, 345, 346, 347, 348, 350, 351, 359, 360, 361, 362, 365, 371, 377, 379, 384, 385, 386, 387, 388, 389, 390, 391, 392, 393, 394, 395], "excluded_lines": [], "start_line": 102}, "": {"executed_lines": [41, 43, 44, 45, 46, 47, 48, 50, 52, 54, 71, 72, 73, 74, 75, 76, 77, 78, 81, 82, 83, 84, 86, 87, 89, 90, 96, 102, 108, 113, 121, 157, 166, 196, 215, 253, 357, 401, 404, 407, 408, 409, 415], "summary": {"covered_lines": 43, "num_statements": 79, "percent_covered": 54.43037974683544, "percent_covered_display": "54", "missing_lines": 36, "excluded_lines": 0, "percent_statements_covered": 54.43037974683544, "percent_statements_covered_display": "54"}, "missing_lines": [91, 92, 93, 98, 99, 416, 417, 418, 419, 420, 422, 428, 429, 430, 431, 432, 433, 434, 435, 436, 437, 438, 439, 440, 442, 443, 444, 445, 446, 447, 448, 456, 457, 458, 459, 460], "excluded_lines": [], "start_line": 1}}}, "src/behive/engine/drones.py": {"executed_lines": [38, 39, 40, 41, 42, 43, 44, 45, 46, 47, 48, 49, 50, 52, 53, 59, 65, 89, 107, 125, 132, 143, 153, 178, 185, 196, 209, 211, 212, 213, 214, 215, 216, 217, 218, 219, 220, 221, 222, 223, 224, 225, 226, 227, 229, 231, 255, 270, 271, 272, 273, 275, 276, 277, 278, 279, 280, 282, 283, 284, 285, 309, 312, 318, 319, 320, 324, 326, 327, 328, 330, 332, 333, 334, 335, 336, 337, 338, 341, 345, 348, 349, 350, 351, 352, 353, 354, 357, 358, 359, 360, 361, 364, 365, 367, 368, 369, 373, 374, 375, 376, 377, 378, 380, 381, 382, 384, 388, 389, 390, 391, 392, 393, 394, 396, 397, 400, 408, 410, 411, 415, 416, 418, 419, 420, 421, 422, 423, 425, 426, 428, 429, 430, 431, 432, 433, 434, 438, 440, 441, 445, 446, 448, 449, 450, 451, 452, 459, 460, 461, 463, 464, 465, 473, 516, 554, 555, 556, 557, 558, 563, 583, 584, 587, 595, 601, 608, 609, 612, 613, 614, 615, 617, 618, 619, 620, 621, 622, 624, 625, 628, 629, 630, 631, 640, 644, 653, 657, 658, 659, 660, 661, 662, 665, 677, 688, 698, 711, 712, 713, 717, 719, 721, 722, 724, 725, 732, 733, 741, 747, 751, 753, 754, 755, 756, 757, 776, 777, 778, 786, 787, 791, 793, 795, 797, 803, 807, 809, 810, 811, 812, 814, 815, 817, 818, 820, 834, 836, 837, 838, 839, 840, 843, 844, 845, 846, 847, 848, 849, 857, 858, 859, 861, 864, 866, 867, 868, 869, 876, 877, 878, 891, 892, 893, 898, 903, 904, 905, 907, 915, 917, 923, 925, 926, 927, 928, 929, 930, 931, 932, 933, 934, 937, 938, 948], "summary": {"covered_lines": 285, "num_statements": 450, "percent_covered": 63.333333333333336, "percent_covered_display": "63", "missing_lines": 165, "excluded_lines": 0, "percent_statements_covered": 63.333333333333336, "percent_statements_covered_display": "63"}, "missing_lines": [339, 340, 362, 363, 366, 379, 383, 398, 399, 412, 413, 442, 443, 466, 467, 468, 469, 475, 476, 477, 478, 480, 481, 482, 483, 492, 494, 495, 496, 497, 500, 501, 502, 503, 504, 505, 506, 508, 509, 510, 511, 512, 518, 519, 520, 521, 523, 524, 525, 526, 530, 535, 536, 537, 538, 539, 540, 541, 542, 544, 545, 546, 547, 548, 549, 550, 559, 566, 567, 568, 569, 572, 573, 574, 575, 577, 588, 589, 590, 591, 592, 596, 597, 598, 602, 603, 604, 605, 606, 632, 633, 634, 635, 636, 637, 645, 646, 647, 648, 649, 650, 656, 668, 669, 670, 671, 672, 673, 674, 679, 680, 681, 682, 683, 684, 685, 690, 691, 692, 693, 694, 695, 700, 701, 702, 703, 704, 706, 707, 708, 726, 727, 728, 729, 730, 798, 799, 800, 801, 935, 936, 939, 940, 941, 949, 951, 954, 955, 959, 963, 967, 969, 970, 976, 978, 979, 980, 981, 982, 983, 985, 986, 987, 990, 991], "excluded_lines": [], "functions": {"ReconResult.__init__": {"executed_lines": [212, 213, 214, 215, 216, 217, 218, 219, 220, 221, 222, 223, 224, 225, 226, 227], "summary": {"covered_lines": 16, "num_statements": 16, "percent_covered": 100.0, "percent_covered_display": "100", "missing_lines": 0, "excluded_lines": 0, "percent_statements_covered": 100.0, "percent_statements_covered_display": "100"}, "missing_lines": [], "excluded_lines": [], "start_line": 211}, "ReconResult.to_dict": {"executed_lines": [231], "summary": {"covered_lines": 1, "num_statements": 1, "percent_covered": 100.0, "percent_covered_display": "100", "missing_lines": 0, "excluded_lines": 0, "percent_statements_covered": 100.0, "percent_statements_covered_display": "100"}, "missing_lines": [], "excluded_lines": [], "start_line": 229}, "DroneRecon.__init__": {"executed_lines": [276, 277, 278, 279, 280], "summary": {"covered_lines": 5, "num_statements": 5, "percent_covered": 100.0, "percent_covered_display": "100", "missing_lines": 0, "excluded_lines": 0, "percent_statements_covered": 100.0, "percent_statements_covered_display": "100"}, "missing_lines": [], "excluded_lines": [], "start_line": 275}, "DroneRecon._init_db": {"executed_lines": [283, 284, 285, 309, 312, 318, 319, 320], "summary": {"covered_lines": 8, "num_statements": 8, "percent_covered": 100.0, "percent_covered_display": "100", "missing_lines": 0, "excluded_lines": 0, "percent_statements_covered": 100.0, "percent_statements_covered_display": "100"}, "missing_lines": [], "excluded_lines": [], "start_line": 282}, "DroneRecon._build_headers": {"executed_lines": [326, 327, 328, 330, 332, 333, 334, 335, 336, 337, 338, 341], "summary": {"covered_lines": 12, "num_statements": 14, "percent_covered": 85.71428571428571, "percent_covered_display": "86", "missing_lines": 2, "excluded_lines": 0, "percent_statements_covered": 85.71428571428571, "percent_statements_covered_display": "86"}, "missing_lines": [339, 340], "excluded_lines": [], "start_line": 324}, "DroneRecon._probe_url": {"executed_lines": [348, 349, 350, 351, 352, 353, 354, 357, 358, 359, 360, 361, 364, 365, 367, 368, 369], "summary": {"covered_lines": 17, "num_statements": 20, "percent_covered": 85.0, "percent_covered_display": "85", "missing_lines": 3, "excluded_lines": 0, "percent_statements_covered": 85.0, "percent_statements_covered_display": "85"}, "missing_lines": [362, 363, 366], "excluded_lines": [], "start_line": 345}, "DroneRecon._detect_block": {"executed_lines": [374, 375, 376, 377, 378, 380, 381, 382, 384], "summary": {"covered_lines": 9, "num_statements": 11, "percent_covered": 81.81818181818181, "percent_covered_display": "82", "missing_lines": 2, "excluded_lines": 0, "percent_statements_covered": 81.81818181818181, "percent_statements_covered_display": "82"}, "missing_lines": [379, 383], "excluded_lines": [], "start_line": 373}, "DroneRecon._check_robots": {"executed_lines": [389, 390, 391, 392, 393, 394, 396, 397, 400], "summary": {"covered_lines": 9, "num_statements": 11, "percent_covered": 81.81818181818181, "percent_covered_display": "82", "missing_lines": 2, "excluded_lines": 0, "percent_statements_covered": 81.81818181818181, "percent_statements_covered_display": "82"}, "missing_lines": [398, 399], "excluded_lines": [], "start_line": 388}, "DroneRecon._try_cffi": {"executed_lines": [410, 411, 415, 416, 418, 419, 420, 428, 429, 430, 431, 432, 433, 434], "summary": {"covered_lines": 14, "num_statements": 16, "percent_covered": 87.5, "percent_covered_display": "88", "missing_lines": 2, "excluded_lines": 0, "percent_statements_covered": 87.5, "percent_statements_covered_display": "88"}, "missing_lines": [412, 413], "excluded_lines": [], "start_line": 408}, "DroneRecon._try_cffi._do": {"executed_lines": [421, 422, 423, 425, 426], "summary": {"covered_lines": 5, "num_statements": 5, "percent_covered": 100.0, "percent_covered_display": "100", "missing_lines": 0, "excluded_lines": 0, "percent_statements_covered": 100.0, "percent_statements_covered_display": "100"}, "missing_lines": [], "excluded_lines": [], "start_line": 420}, "DroneRecon._try_primp": {"executed_lines": [440, 441, 445, 446, 448, 449, 450, 463, 464, 465], "summary": {"covered_lines": 10, "num_statements": 16, "percent_covered": 62.5, "percent_covered_display": "62", "missing_lines": 6, "excluded_lines": 0, "percent_statements_covered": 62.5, "percent_statements_covered_display": "62"}, "missing_lines": [442, 443, 466, 467, 468, 469], "excluded_lines": [], "start_line": 438}, "DroneRecon._try_primp._do": {"executed_lines": [451, 452, 459, 460, 461], "summary": {"covered_lines": 5, "num_statements": 5, "percent_covered": 100.0, "percent_covered_display": "100", "missing_lines": 0, "excluded_lines": 0, "percent_statements_covered": 100.0, "percent_statements_covered_display": "100"}, "missing_lines": [], "excluded_lines": [], "start_line": 450}, "DroneRecon._try_nodriver": {"executed_lines": [], "summary": {"covered_lines": 0, "num_statements": 25, "percent_covered": 0.0, "percent_covered_display": "0", "missing_lines": 25, "excluded_lines": 0, "percent_statements_covered": 0.0, "percent_statements_covered_display": "0"}, "missing_lines": [475, 476, 477, 478, 480, 481, 482, 483, 492, 494, 495, 496, 497, 500, 501, 502, 503, 504, 505, 506, 508, 509, 510, 511, 512], "excluded_lines": [], "start_line": 473}, "DroneRecon._try_patchright": {"executed_lines": [], "summary": {"covered_lines": 0, "num_statements": 24, "percent_covered": 0.0, "percent_covered_display": "0", "missing_lines": 24, "excluded_lines": 0, "percent_statements_covered": 0.0, "percent_statements_covered_display": "0"}, "missing_lines": [518, 519, 520, 521, 523, 524, 525, 526, 530, 535, 536, 537, 538, 539, 540, 541, 542, 544, 545, 546, 547, 548, 549, 550], "excluded_lines": [], "start_line": 516}, "DroneRecon._try_jina": {"executed_lines": [555, 556, 557, 558], "summary": {"covered_lines": 4, "num_statements": 5, "percent_covered": 80.0, "percent_covered_display": "80", "missing_lines": 1, "excluded_lines": 0, "percent_statements_covered": 80.0, "percent_statements_covered_display": "80"}, "missing_lines": [559], "excluded_lines": [], "start_line": 554}, "DroneRecon._try_archives": {"executed_lines": [], "summary": {"covered_lines": 0, "num_statements": 9, "percent_covered": 0.0, "percent_covered_display": "0", "missing_lines": 9, "excluded_lines": 0, "percent_statements_covered": 0.0, "percent_statements_covered_display": "0"}, "missing_lines": [566, 567, 568, 569, 572, 573, 574, 575, 577], "excluded_lines": [], "start_line": 563}, "DroneRecon._recon_domain": {"executed_lines": [584, 587, 595, 601, 608, 609, 612, 613, 614, 615, 617, 618, 619, 620, 621, 622, 624, 625, 628, 629, 630, 631, 640, 644, 653, 657, 658, 659, 660, 661, 662, 665, 677, 688, 698, 711, 712, 713], "summary": {"covered_lines": 38, "num_statements": 92, "percent_covered": 41.30434782608695, "percent_covered_display": "41", "missing_lines": 54, "excluded_lines": 0, "percent_statements_covered": 41.30434782608695, "percent_statements_covered_display": "41"}, "missing_lines": [588, 589, 590, 591, 592, 596, 597, 598, 602, 603, 604, 605, 606, 632, 633, 634, 635, 636, 637, 645, 646, 647, 648, 649, 650, 656, 668, 669, 670, 671, 672, 673, 674, 679, 680, 681, 682, 683, 684, 685, 690, 691, 692, 693, 694, 695, 700, 701, 702, 703, 704, 706, 707, 708], "excluded_lines": [], "start_line": 583}, "DroneRecon.recon": {"executed_lines": [719, 721, 722, 724, 725, 732, 733, 741, 747], "summary": {"covered_lines": 9, "num_statements": 14, "percent_covered": 64.28571428571429, "percent_covered_display": "64", "missing_lines": 5, "excluded_lines": 0, "percent_statements_covered": 64.28571428571429, "percent_statements_covered_display": "64"}, "missing_lines": [726, 727, 728, 729, 730], "excluded_lines": [], "start_line": 717}, "DroneRecon.save_to_db": {"executed_lines": [753, 754, 755, 756, 757, 776, 777, 778, 786, 787], "summary": {"covered_lines": 10, "num_statements": 10, "percent_covered": 100.0, "percent_covered_display": "100", "missing_lines": 0, "excluded_lines": 0, "percent_statements_covered": 100.0, "percent_statements_covered_display": "100"}, "missing_lines": [], "excluded_lines": [], "start_line": 751}, "DroneRecon.retreat": {"executed_lines": [793, 795, 797, 803], "summary": {"covered_lines": 4, "num_statements": 8, "percent_covered": 50.0, "percent_covered_display": "50", "missing_lines": 4, "excluded_lines": 0, "percent_statements_covered": 50.0, "percent_statements_covered_display": "50"}, "missing_lines": [798, 799, 800, 801], "excluded_lines": [], "start_line": 791}, "DroneRecon.report": {"executed_lines": [809, 810, 811, 812, 814, 815, 817, 818, 820], "summary": {"covered_lines": 9, "num_statements": 9, "percent_covered": 100.0, "percent_covered_display": "100", "missing_lines": 0, "excluded_lines": 0, "percent_statements_covered": 100.0, "percent_statements_covered_display": "100"}, "missing_lines": [], "excluded_lines": [], "start_line": 807}, "run_recon": {"executed_lines": [836, 837, 838, 839, 840, 843, 844, 845, 846, 847, 848, 849, 857, 858, 859, 861], "summary": {"covered_lines": 16, "num_statements": 16, "percent_covered": 100.0, "percent_covered_display": "100", "missing_lines": 0, "excluded_lines": 0, "percent_statements_covered": 100.0, "percent_statements_covered_display": "100"}, "missing_lines": [], "excluded_lines": [], "start_line": 834}, "get_strategy": {"executed_lines": [866, 867, 868, 869, 876, 877, 878, 891, 892, 893], "summary": {"covered_lines": 10, "num_statements": 10, "percent_covered": 100.0, "percent_covered_display": "100", "missing_lines": 0, "excluded_lines": 0, "percent_statements_covered": 100.0, "percent_statements_covered_display": "100"}, "missing_lines": [], "excluded_lines": [], "start_line": 864}, "extract_domains_from_sources": {"executed_lines": [903, 904, 905, 907, 915, 917, 923, 925, 926, 927, 928, 929, 930, 931, 932, 933, 934, 937, 938], "summary": {"covered_lines": 19, "num_statements": 24, "percent_covered": 79.16666666666667, "percent_covered_display": "79", "missing_lines": 5, "excluded_lines": 0, "percent_statements_covered": 79.16666666666667, "percent_statements_covered_display": "79"}, "missing_lines": [935, 936, 939, 940, 941], "excluded_lines": [], "start_line": 898}, "": {"executed_lines": [38, 39, 40, 41, 42, 43, 44, 45, 46, 47, 48, 49, 50, 52, 53, 59, 65, 89, 107, 125, 132, 143, 153, 178, 185, 196, 209, 211, 229, 255, 270, 271, 272, 273, 275, 282, 324, 345, 373, 388, 408, 438, 473, 516, 554, 563, 583, 717, 751, 791, 807, 834, 864, 898, 948], "summary": {"covered_lines": 55, "num_statements": 76, "percent_covered": 72.36842105263158, "percent_covered_display": "72", "missing_lines": 21, "excluded_lines": 0, "percent_statements_covered": 72.36842105263158, "percent_statements_covered_display": "72"}, "missing_lines": [949, 951, 954, 955, 959, 963, 967, 969, 970, 976, 978, 979, 980, 981, 982, 983, 985, 986, 987, 990, 991], "excluded_lines": [], "start_line": 1}}, "classes": {"ReconResult": {"executed_lines": [212, 213, 214, 215, 216, 217, 218, 219, 220, 221, 222, 223, 224, 225, 226, 227, 231], "summary": {"covered_lines": 17, "num_statements": 17, "percent_covered": 100.0, "percent_covered_display": "100", "missing_lines": 0, "excluded_lines": 0, "percent_statements_covered": 100.0, "percent_statements_covered_display": "100"}, "missing_lines": [], "excluded_lines": [], "start_line": 209}, "DroneRecon": {"executed_lines": [276, 277, 278, 279, 280, 283, 284, 285, 309, 312, 318, 319, 320, 326, 327, 328, 330, 332, 333, 334, 335, 336, 337, 338, 341, 348, 349, 350, 351, 352, 353, 354, 357, 358, 359, 360, 361, 364, 365, 367, 368, 369, 374, 375, 376, 377, 378, 380, 381, 382, 384, 389, 390, 391, 392, 393, 394, 396, 397, 400, 410, 411, 415, 416, 418, 419, 420, 421, 422, 423, 425, 426, 428, 429, 430, 431, 432, 433, 434, 440, 441, 445, 446, 448, 449, 450, 451, 452, 459, 460, 461, 463, 464, 465, 555, 556, 557, 558, 584, 587, 595, 601, 608, 609, 612, 613, 614, 615, 617, 618, 619, 620, 621, 622, 624, 625, 628, 629, 630, 631, 640, 644, 653, 657, 658, 659, 660, 661, 662, 665, 677, 688, 698, 711, 712, 713, 719, 721, 722, 724, 725, 732, 733, 741, 747, 753, 754, 755, 756, 757, 776, 777, 778, 786, 787, 793, 795, 797, 803, 809, 810, 811, 812, 814, 815, 817, 818, 820], "summary": {"covered_lines": 168, "num_statements": 307, "percent_covered": 54.72312703583062, "percent_covered_display": "55", "missing_lines": 139, "excluded_lines": 0, "percent_statements_covered": 54.72312703583062, "percent_statements_covered_display": "55"}, "missing_lines": [339, 340, 362, 363, 366, 379, 383, 398, 399, 412, 413, 442, 443, 466, 467, 468, 469, 475, 476, 477, 478, 480, 481, 482, 483, 492, 494, 495, 496, 497, 500, 501, 502, 503, 504, 505, 506, 508, 509, 510, 511, 512, 518, 519, 520, 521, 523, 524, 525, 526, 530, 535, 536, 537, 538, 539, 540, 541, 542, 544, 545, 546, 547, 548, 549, 550, 559, 566, 567, 568, 569, 572, 573, 574, 575, 577, 588, 589, 590, 591, 592, 596, 597, 598, 602, 603, 604, 605, 606, 632, 633, 634, 635, 636, 637, 645, 646, 647, 648, 649, 650, 656, 668, 669, 670, 671, 672, 673, 674, 679, 680, 681, 682, 683, 684, 685, 690, 691, 692, 693, 694, 695, 700, 701, 702, 703, 704, 706, 707, 708, 726, 727, 728, 729, 730, 798, 799, 800, 801], "excluded_lines": [], "start_line": 255}, "": {"executed_lines": [38, 39, 40, 41, 42, 43, 44, 45, 46, 47, 48, 49, 50, 52, 53, 59, 65, 89, 107, 125, 132, 143, 153, 178, 185, 196, 209, 211, 229, 255, 270, 271, 272, 273, 275, 282, 324, 345, 373, 388, 408, 438, 473, 516, 554, 563, 583, 717, 751, 791, 807, 834, 836, 837, 838, 839, 840, 843, 844, 845, 846, 847, 848, 849, 857, 858, 859, 861, 864, 866, 867, 868, 869, 876, 877, 878, 891, 892, 893, 898, 903, 904, 905, 907, 915, 917, 923, 925, 926, 927, 928, 929, 930, 931, 932, 933, 934, 937, 938, 948], "summary": {"covered_lines": 100, "num_statements": 126, "percent_covered": 79.36507936507937, "percent_covered_display": "79", "missing_lines": 26, "excluded_lines": 0, "percent_statements_covered": 79.36507936507937, "percent_statements_covered_display": "79"}, "missing_lines": [935, 936, 939, 940, 941, 949, 951, 954, 955, 959, 963, 967, 969, 970, 976, 978, 979, 980, 981, 982, 983, 985, 986, 987, 990, 991], "excluded_lines": [], "start_line": 1}}}, "src/behive/engine/events.py": {"executed_lines": [3, 4, 5, 23, 24, 25, 26, 28, 34, 49, 59, 65, 69, 70, 72, 73, 86, 89, 90, 94, 95, 96, 97, 103, 110, 121, 123, 124, 125, 136, 137, 139, 146, 152, 153, 154, 165, 167, 168, 169, 195, 199, 200, 201, 215, 217, 218, 226, 280, 281, 282, 284, 286, 291, 301, 303, 338, 348, 359], "summary": {"covered_lines": 59, "num_statements": 165, "percent_covered": 35.75757575757576, "percent_covered_display": "36", "missing_lines": 106, "excluded_lines": 0, "percent_statements_covered": 35.75757575757576, "percent_statements_covered_display": "36"}, "missing_lines": [61, 62, 98, 99, 100, 170, 171, 172, 173, 174, 175, 177, 188, 219, 238, 239, 240, 242, 243, 245, 246, 247, 248, 249, 250, 253, 254, 256, 257, 259, 270, 271, 273, 304, 305, 306, 307, 309, 310, 314, 315, 316, 317, 318, 319, 320, 321, 323, 324, 325, 333, 334, 336, 350, 351, 352, 360, 362, 363, 364, 365, 367, 368, 369, 371, 372, 374, 375, 378, 379, 380, 383, 384, 386, 389, 390, 393, 396, 397, 400, 403, 404, 406, 409, 410, 411, 412, 413, 417, 418, 419, 422, 423, 424, 427, 428, 429, 430, 431, 432, 433, 434, 435, 436, 439, 441], "excluded_lines": [], "functions": {"_connect": {"executed_lines": [], "summary": {"covered_lines": 0, "num_statements": 2, "percent_covered": 0.0, "percent_covered_display": "0", "missing_lines": 2, "excluded_lines": 0, "percent_statements_covered": 0.0, "percent_statements_covered_display": "0"}, "missing_lines": [61, 62], "excluded_lines": [], "start_line": 59}, "ensure_events_table": {"executed_lines": [69, 70, 72, 73, 86, 89, 90, 94, 95, 96, 97, 103], "summary": {"covered_lines": 12, "num_statements": 15, "percent_covered": 80.0, "percent_covered_display": "80", "missing_lines": 3, "excluded_lines": 0, "percent_statements_covered": 80.0, "percent_statements_covered_display": "80"}, "missing_lines": [98, 99, 100], "excluded_lines": [], "start_line": 65}, "emit_event": {"executed_lines": [121, 123, 124, 125, 136, 137, 139], "summary": {"covered_lines": 7, "num_statements": 7, "percent_covered": 100.0, "percent_covered_display": "100", "missing_lines": 0, "excluded_lines": 0, "percent_statements_covered": 100.0, "percent_statements_covered_display": "100"}, "missing_lines": [], "excluded_lines": [], "start_line": 110}, "get_events": {"executed_lines": [152, 153, 154, 165, 167, 168, 169], "summary": {"covered_lines": 7, "num_statements": 15, "percent_covered": 46.666666666666664, "percent_covered_display": "47", "missing_lines": 8, "excluded_lines": 0, "percent_statements_covered": 46.666666666666664, "percent_statements_covered_display": "47"}, "missing_lines": [170, 171, 172, 173, 174, 175, 177, 188], "excluded_lines": [], "start_line": 146}, "get_latest_quality": {"executed_lines": [199, 200, 201, 215, 217, 218], "summary": {"covered_lines": 6, "num_statements": 7, "percent_covered": 85.71428571428571, "percent_covered_display": "86", "missing_lines": 1, "excluded_lines": 0, "percent_statements_covered": 85.71428571428571, "percent_statements_covered_display": "86"}, "missing_lines": [219], "excluded_lines": [], "start_line": 195}, "sse_stream": {"executed_lines": [], "summary": {"covered_lines": 0, "num_statements": 19, "percent_covered": 0.0, "percent_covered_display": "0", "missing_lines": 19, "excluded_lines": 0, "percent_statements_covered": 0.0, "percent_statements_covered_display": "0"}, "missing_lines": [238, 239, 240, 242, 243, 245, 246, 247, 248, 249, 250, 253, 254, 256, 257, 259, 270, 271, 273], "excluded_lines": [], "start_line": 226}, "mission_events_sse": {"executed_lines": [301, 303, 338], "summary": {"covered_lines": 3, "num_statements": 3, "percent_covered": 100.0, "percent_covered_display": "100", "missing_lines": 0, "excluded_lines": 0, "percent_statements_covered": 100.0, "percent_statements_covered_display": "100"}, "missing_lines": [], "excluded_lines": [], "start_line": 291}, "mission_events_sse._async_generator": {"executed_lines": [], "summary": {"covered_lines": 0, "num_statements": 20, "percent_covered": 0.0, "percent_covered_display": "0", "missing_lines": 20, "excluded_lines": 0, "percent_statements_covered": 0.0, "percent_statements_covered_display": "0"}, "missing_lines": [304, 305, 306, 307, 309, 310, 314, 315, 316, 317, 318, 319, 320, 321, 323, 324, 325, 333, 334, 336], "excluded_lines": [], "start_line": 303}, "": {"executed_lines": [3, 4, 5, 23, 24, 25, 26, 28, 34, 49, 59, 65, 110, 146, 195, 226, 280, 281, 282, 284, 286, 291, 348, 359], "summary": {"covered_lines": 24, "num_statements": 77, "percent_covered": 31.16883116883117, "percent_covered_display": "31", "missing_lines": 53, "excluded_lines": 0, "percent_statements_covered": 31.16883116883117, "percent_statements_covered_display": "31"}, "missing_lines": [350, 351, 352, 360, 362, 363, 364, 365, 367, 368, 369, 371, 372, 374, 375, 378, 379, 380, 383, 384, 386, 389, 390, 393, 396, 397, 400, 403, 404, 406, 409, 410, 411, 412, 413, 417, 418, 419, 422, 423, 424, 427, 428, 429, 430, 431, 432, 433, 434, 435, 436, 439, 441], "excluded_lines": [], "start_line": 1}}, "classes": {"": {"executed_lines": [3, 4, 5, 23, 24, 25, 26, 28, 34, 49, 59, 65, 69, 70, 72, 73, 86, 89, 90, 94, 95, 96, 97, 103, 110, 121, 123, 124, 125, 136, 137, 139, 146, 152, 153, 154, 165, 167, 168, 169, 195, 199, 200, 201, 215, 217, 218, 226, 280, 281, 282, 284, 286, 291, 301, 303, 338, 348, 359], "summary": {"covered_lines": 59, "num_statements": 165, "percent_covered": 35.75757575757576, "percent_covered_display": "36", "missing_lines": 106, "excluded_lines": 0, "percent_statements_covered": 35.75757575757576, "percent_statements_covered_display": "36"}, "missing_lines": [61, 62, 98, 99, 100, 170, 171, 172, 173, 174, 175, 177, 188, 219, 238, 239, 240, 242, 243, 245, 246, 247, 248, 249, 250, 253, 254, 256, 257, 259, 270, 271, 273, 304, 305, 306, 307, 309, 310, 314, 315, 316, 317, 318, 319, 320, 321, 323, 324, 325, 333, 334, 336, 350, 351, 352, 360, 362, 363, 364, 365, 367, 368, 369, 371, 372, 374, 375, 378, 379, 380, 383, 384, 386, 389, 390, 393, 396, 397, 400, 403, 404, 406, 409, 410, 411, 412, 413, 417, 418, 419, 422, 423, 424, 427, 428, 429, 430, 431, 432, 433, 434, 435, 436, 439, 441], "excluded_lines": [], "start_line": 1}}}, "src/behive/engine/falsifier.py": {"executed_lines": [28, 30, 31, 32, 33, 34, 35, 36, 37, 38, 39, 41, 43, 44, 49, 52, 72, 97, 100, 123, 128, 129, 172, 173, 174, 175, 176, 177, 178, 179, 182, 189, 191, 192, 194, 195, 205, 206, 208, 209, 212, 264, 266, 267, 268, 270, 271, 272, 277, 279, 280, 281, 282, 283, 284, 285, 288, 295, 296, 302, 303, 321, 323, 324, 325, 327, 328, 329, 330, 331, 332, 333, 334, 335, 336, 338, 341, 356, 359, 360, 361, 362, 365, 366, 368, 389, 408, 409, 410, 499, 500, 501, 502, 503, 504, 507, 508, 509, 510, 511, 512, 513, 514, 515, 516, 517, 518, 521, 523, 524, 525, 526, 527, 528, 531, 532, 538, 541, 543, 544, 545, 546, 547, 548, 551, 552, 555, 557, 558, 559, 561, 562, 568, 569, 571, 572, 574, 577, 588, 590, 592, 593, 595, 597, 598, 599, 600, 601, 602, 603, 604, 611, 612, 614, 615, 617, 618, 619, 622, 623, 625, 629, 630, 631, 633, 634, 638, 639, 640, 641, 642, 645, 646, 647, 650, 651, 652, 655, 657, 658, 660, 662, 663, 665, 677, 678, 681, 682, 684, 690, 697, 704, 705, 706, 707, 708, 710, 718, 719, 720, 722, 724, 725, 726, 729, 730, 732, 733, 734, 735, 736, 738, 739, 740, 744, 745, 746, 747, 752, 760, 819, 846, 851, 853, 952, 961, 962, 963, 964, 966, 967, 968, 969, 1078, 1084, 1085, 1086, 1087, 1088, 1089, 1092, 1097, 1098, 1099, 1125, 1126, 1127, 1134, 1135, 1136, 1138, 1139, 1140, 1141, 1142, 1143, 1144, 1146, 1147, 1150, 1152, 1159, 1180, 1183], "summary": {"covered_lines": 264, "num_statements": 521, "percent_covered": 50.67178502879079, "percent_covered_display": "51", "missing_lines": 257, "excluded_lines": 1, "percent_statements_covered": 50.67178502879079, "percent_statements_covered_display": "51"}, "missing_lines": [124, 125, 145, 210, 211, 213, 214, 219, 221, 222, 223, 224, 225, 226, 232, 233, 234, 236, 237, 238, 240, 241, 243, 251, 253, 254, 256, 257, 273, 274, 297, 298, 300, 301, 305, 306, 307, 309, 310, 311, 312, 313, 314, 315, 316, 318, 370, 412, 413, 414, 415, 416, 419, 420, 421, 422, 423, 424, 425, 427, 429, 431, 433, 435, 436, 437, 438, 439, 440, 442, 443, 444, 446, 447, 448, 449, 450, 451, 452, 453, 454, 455, 456, 457, 460, 461, 463, 464, 466, 469, 470, 471, 472, 476, 478, 479, 483, 484, 486, 492, 529, 530, 560, 563, 564, 565, 570, 573, 624, 626, 635, 643, 648, 656, 727, 728, 737, 741, 742, 743, 748, 749, 750, 753, 761, 762, 764, 798, 799, 800, 801, 806, 807, 808, 809, 810, 811, 812, 813, 814, 815, 817, 821, 822, 824, 826, 827, 828, 829, 831, 832, 833, 835, 838, 839, 854, 855, 856, 857, 860, 861, 880, 881, 884, 885, 886, 888, 889, 917, 918, 921, 922, 940, 941, 943, 945, 971, 974, 976, 977, 978, 979, 982, 983, 985, 986, 987, 988, 991, 992, 993, 998, 999, 1000, 1001, 1002, 1003, 1004, 1005, 1007, 1008, 1009, 1012, 1013, 1015, 1016, 1017, 1018, 1028, 1029, 1030, 1032, 1035, 1036, 1037, 1039, 1040, 1042, 1044, 1045, 1047, 1054, 1055, 1056, 1063, 1108, 1110, 1111, 1113, 1114, 1115, 1116, 1119, 1120, 1121, 1122, 1123, 1124, 1153, 1154, 1155, 1156, 1157, 1160, 1161, 1164, 1166, 1167, 1168, 1170, 1171, 1172, 1173, 1175, 1176, 1178, 1184], "excluded_lines": [769], "functions": {"_db_connect": {"executed_lines": [], "summary": {"covered_lines": 0, "num_statements": 2, "percent_covered": 0.0, "percent_covered_display": "0", "missing_lines": 2, "excluded_lines": 0, "percent_statements_covered": 0.0, "percent_statements_covered_display": "0"}, "missing_lines": [124, 125], "excluded_lines": [], "start_line": 123}, "_ensure_tables": {"executed_lines": [129], "summary": {"covered_lines": 1, "num_statements": 2, "percent_covered": 50.0, "percent_covered_display": "50", "missing_lines": 1, "excluded_lines": 0, "percent_statements_covered": 50.0, "percent_statements_covered_display": "50"}, "missing_lines": [145], "excluded_lines": [], "start_line": 128}, "ClaimDeduplicator.__init__": {"executed_lines": [192], "summary": {"covered_lines": 1, "num_statements": 1, "percent_covered": 100.0, "percent_covered_display": "100", "missing_lines": 0, "excluded_lines": 0, "percent_statements_covered": 100.0, "percent_statements_covered_display": "100"}, "missing_lines": [], "excluded_lines": [], "start_line": 191}, "ClaimDeduplicator.deduplicate": {"executed_lines": [195, 205, 206, 208, 209, 212], "summary": {"covered_lines": 6, "num_statements": 31, "percent_covered": 19.35483870967742, "percent_covered_display": "19", "missing_lines": 25, "excluded_lines": 0, "percent_statements_covered": 19.35483870967742, "percent_statements_covered_display": "19"}, "missing_lines": [210, 211, 213, 214, 219, 221, 222, 223, 224, 225, 226, 232, 233, 234, 236, 237, 238, 240, 241, 243, 251, 253, 254, 256, 257], "excluded_lines": [], "start_line": 194}, "_domain_from_url": {"executed_lines": [266, 267, 268, 270, 271, 272], "summary": {"covered_lines": 6, "num_statements": 8, "percent_covered": 75.0, "percent_co
[...]
, 886, 887, 888, 889, 890, 891, 893, 894, 895, 896, 897, 899, 900, 1003, 1004, 1005, 1006, 1012, 1013, 1014, 1015, 1016, 1017, 1018, 1019, 1020, 1022, 1273, 1274, 1281, 1313, 1322, 1352, 1368, 1369, 1370, 1473, 1474, 1476, 1477, 1478, 1480, 1481, 1482, 1483, 1484, 1485, 1486, 1487, 1488, 1490, 1491, 1492, 1493, 1494, 1495, 1496, 1497, 1498, 1499, 1500, 1502, 1503, 1504, 1506, 1507, 1508, 1509, 1511, 1512, 1513, 1514, 1524, 1525, 1526, 1530, 1531, 1543, 1544, 1545, 1547, 1548, 1549, 1550, 1562, 1567, 1568, 1569, 1570, 1593, 1594, 1595, 1596, 1598, 1599, 1621, 1657, 1663, 1675, 1682, 1688, 1694, 1697, 1701, 1702, 1703, 1704, 1705, 1706, 1707, 1708, 1709, 1711, 1717, 1720, 1721, 1770, 1771, 1797, 1798, 1799, 1800, 1802, 1829, 1833, 1834, 1835, 1838, 1839, 1840, 1841, 1842, 1843, 1846, 1849, 1850, 1851, 1854, 1857, 1858, 1859, 1862, 1863, 1864, 1865, 1866, 1867, 1868, 1869, 1870, 1871, 1874, 1875, 1876, 1879, 1880, 1881, 1882, 1883, 1884, 1887, 1888, 1889, 1891, 1892, 1893, 1894, 1895, 1896, 1901, 1902, 1905, 1906, 1907, 1908, 1909, 1914, 1915, 1916, 1917, 1918, 1919, 1922, 1923, 1924, 1925, 1926, 1927, 1928, 1932, 1933, 1935, 1936, 1937, 1938, 1939, 1941, 1942, 1943, 1944, 1945, 1946, 1954, 1955, 1956, 1958, 1959, 1960, 1961, 1962, 1963, 1964, 1965, 1966], "excluded_lines": [], "functions": {"_llm": {"executed_lines": [40, 41, 42, 43, 44, 45, 46, 48], "summary": {"covered_lines": 8, "num_statements": 8, "percent_covered": 100.0, "percent_covered_display": "100", "missing_lines": 0, "excluded_lines": 0, "percent_statements_covered": 100.0, "percent_statements_covered_display": "100"}, "missing_lines": [], "excluded_lines": [], "start_line": 38}, "_sglang_call": {"executed_lines": [58, 59, 60, 61, 62], "summary": {"covered_lines": 5, "num_statements": 5, "percent_covered": 100.0, "percent_covered_display": "100", "missing_lines": 0, "excluded_lines": 0, "percent_statements_covered": 100.0, "percent_statements_covered_display": "100"}, "missing_lines": [], "excluded_lines": [], "start_line": 56}, "multi_role_synthesis": {"executed_lines": [76, 77, 79, 80, 83, 86, 101, 102, 103, 104, 105, 108, 109, 124, 125, 126, 127, 128, 131, 134, 149, 150, 151, 152, 153, 155], "summary": {"covered_lines": 26, "num_statements": 26, "percent_covered": 100.0, "percent_covered_display": "100", "missing_lines": 0, "excluded_lines": 0, "percent_statements_covered": 100.0, "percent_statements_covered_display": "100"}, "missing_lines": [], "excluded_lines": [], "start_line": 65}, "Queen.__init__": {"executed_lines": [165, 166], "summary": {"covered_lines": 2, "num_statements": 2, "percent_covered": 100.0, "percent_covered_display": "100", "missing_lines": 0, "excluded_lines": 0, "percent_statements_covered": 100.0, "percent_statements_covered_display": "100"}, "missing_lines": [], "excluded_lines": [], "start_line": 164}, "Queen._import_pg": {"executed_lines": [170, 171, 172, 173, 176, 177, 178], "summary": {"covered_lines": 7, "num_statements": 12, "percent_covered": 58.333333333333336, "percent_covered_display": "58", "missing_lines": 5, "excluded_lines": 0, "percent_statements_covered": 58.333333333333336, "percent_statements_covered_display": "58"}, "missing_lines": [174, 175, 179, 180, 181], "excluded_lines": [], "start_line": 168}, "Queen._connect_ro": {"executed_lines": [187], "summary": {"covered_lines": 1, "num_statements": 1, "percent_covered": 100.0, "percent_covered_display": "100", "missing_lines": 0, "excluded_lines": 0, "percent_statements_covered": 100.0, "percent_statements_covered_display": "100"}, "missing_lines": [], "excluded_lines": [], "start_line": 185}, "Queen._connect_rw": {"executed_lines": [], "summary": {"covered_lines": 0, "num_statements": 1, "percent_covered": 0.0, "percent_covered_display": "0", "missing_lines": 1, "excluded_lines": 0, "percent_statements_covered": 0.0, "percent_statements_covered_display": "0"}, "missing_lines": [191], "excluded_lines": [], "start_line": 189}, "Queen._load_honey": {"executed_lines": [197, 198, 200, 204, 205, 207, 208, 218, 219, 220, 221, 228, 236, 240, 241, 250, 251, 258, 265, 287, 289, 290, 291, 292, 293, 295, 296, 297, 298, 305, 306, 307, 310, 312, 313, 321, 322, 327, 334, 335, 342, 345, 346, 347, 355, 356, 357, 371, 372, 373, 382, 383, 384, 391, 408], "summary": {"covered_lines": 55, "num_statements": 68, "percent_covered": 80.88235294117646, "percent_covered_display": "81", "missing_lines": 13, "excluded_lines": 0, "percent_statements_covered": 80.88235294117646, "percent_statements_covered_display": "81"}, "missing_lines": [248, 271, 272, 273, 274, 276, 280, 281, 283, 285, 294, 308, 332], "excluded_lines": [], "start_line": 195}, "Queen._load_honey.safe_query": {"executed_lines": [229, 230, 231, 232, 233], "summary": {"covered_lines": 5, "num_statements": 5, "percent_covered": 100.0, "percent_covered_display": "100", "missing_lines": 0, "excluded_lines": 0, "percent_statements_covered": 100.0, "percent_statements_covered_display": "100"}, "missing_lines": [], "excluded_lines": [], "start_line": 228}, "Queen._build_honey_context": {"executed_lines": [418, 419, 421, 422, 429, 434, 435, 442, 443, 444, 445, 446, 447, 448, 449, 453, 455, 456, 457, 458, 459, 460, 461, 462, 463, 464, 468, 469, 470, 471, 472, 473, 474, 475, 476, 477, 479, 480, 481, 482, 483, 484, 485, 486, 487, 488, 489, 490, 491, 492, 493, 496, 497, 502, 503, 504, 506, 507, 508, 509, 510, 511, 512, 513, 514, 517, 518, 519, 520, 527, 528, 529, 536, 537, 538, 540, 541, 542, 543, 544, 548, 550, 551, 552, 553, 554, 558, 559, 563, 564, 566, 568, 569, 570, 573, 574, 575, 576, 577, 578, 579, 580, 582, 583, 584, 585, 588, 591, 592, 593, 594, 595, 596, 597, 598, 599, 601, 602, 606, 607, 609, 621, 622, 623, 626, 627, 628, 629, 630, 634, 635, 638, 639, 655, 656, 659, 660, 675, 676, 680, 682, 685, 692, 693, 698, 699, 706, 707, 708, 709, 710, 711, 713, 714, 716, 717, 718, 722, 723, 724, 725, 726, 729, 730, 735, 736, 739, 740, 743, 744, 793, 794, 797, 798, 815, 816, 819, 820, 834, 836], "summary": {"covered_lines": 180, "num_statements": 306, "percent_covered": 58.8235294117647, "percent_covered_display": "59", "missing_lines": 126, "excluded_lines": 0, "percent_statements_covered": 58.8235294117647, "percent_statements_covered_display": "59"}, "missing_lines": [450, 451, 452, 454, 494, 495, 515, 516, 539, 545, 546, 547, 549, 555, 556, 557, 565, 567, 581, 608, 610, 611, 612, 613, 614, 615, 616, 617, 618, 619, 631, 632, 633, 640, 641, 642, 643, 644, 645, 646, 647, 648, 649, 650, 661, 662, 663, 664, 665, 666, 667, 668, 669, 670, 686, 687, 688, 689, 690, 694, 695, 696, 715, 719, 720, 721, 727, 728, 737, 745, 746, 747, 748, 749, 750, 751, 752, 755, 756, 757, 758, 759, 760, 761, 762, 763, 764, 765, 766, 767, 769, 770, 771, 773, 774, 775, 776, 777, 778, 779, 780, 781, 785, 786, 787, 788, 789, 790, 791, 799, 800, 801, 802, 803, 804, 805, 806, 810, 821, 822, 823, 824, 825, 826, 827, 828], "excluded_lines": [], "start_line": 412}, "Queen.synthesize": {"executed_lines": [848, 849, 852, 867, 868, 869, 870, 873, 874, 901, 902, 907, 941, 942, 943, 944, 950, 971, 972, 973, 974, 984, 991, 1000, 1002, 1009, 1010, 1011, 1023, 1024, 1025, 1026, 1028, 1034, 1035, 1036, 1037, 1038, 1039, 1041, 1125, 1126, 1127, 1128, 1134, 1171, 1172, 1173, 1174, 1178, 1181, 1187, 1188, 1189, 1190, 1191, 1193, 1195], "summary": {"covered_lines": 58, "num_statements": 92, "percent_covered": 63.04347826086956, "percent_covered_display": "63", "missing_lines": 34, "excluded_lines": 0, "percent_statements_covered": 63.04347826086956, "percent_statements_covered_display": "63"}, "missing_lines": [877, 879, 881, 882, 883, 884, 885, 886, 887, 888, 889, 890, 891, 893, 894, 895, 896, 897, 899, 900, 1003, 1004, 1005, 1006, 1012, 1013, 1014, 1015, 1016, 1017, 1018, 1019, 1020, 1022], "excluded_lines": [], "start_line": 840}, "Queen.synthesize._fmt_section_claims": {"executed_lines": [1029, 1030, 1031, 1032], "summary": {"covered_lines": 4, "num_statements": 4, "percent_covered": 100.0, "percent_covered_display": "100", "missing_lines": 0, "excluded_lines": 0, "percent_statements_covered": 100.0, "percent_statements_covered_display": "100"}, "missing_lines": [], "excluded_lines": [], "start_line": 1028}, "Queen._parse_fuir": {"executed_lines": [1229, 1230, 1233, 1234, 1235, 1238, 1244, 1245, 1246, 1247, 1250, 1251, 1253, 1254, 1257, 1258, 1260, 1261, 1263, 1267, 1268, 1270, 1271, 1272, 1277, 1278, 1280, 1284, 1285, 1292, 1293, 1295, 1306, 1307, 1308, 1309, 1310, 1311, 1312, 1324], "summary": {"covered_lines": 40, "num_statements": 45, "percent_covered": 88.88888888888889, "percent_covered_display": "89", "missing_lines": 5, "excluded_lines": 0, "percent_statements_covered": 88.88888888888889, "percent_statements_covered_display": "89"}, "missing_lines": [1273, 1274, 1281, 1313, 1322], "excluded_lines": [], "start_line": 1224}, "Queen.format_report": {"executed_lines": [1330, 1331, 1332, 1333, 1336, 1337, 1338, 1339, 1340, 1343, 1344, 1347, 1350, 1351, 1354, 1357, 1358, 1364, 1365, 1366, 1367, 1372, 1426], "summary": {"covered_lines": 23, "num_statements": 27, "percent_covered": 85.18518518518519, "percent_covered_display": "85", "missing_lines": 4, "excluded_lines": 0, "percent_statements_covered": 85.18518518518519, "percent_statements_covered_display": "85"}, "missing_lines": [1352, 1368, 1369, 1370], "excluded_lines": [], "start_line": 1328}, "Queen.save_report": {"executed_lines": [1432, 1434, 1437, 1438, 1439, 1441, 1442, 1443, 1445, 1446, 1447, 1449, 1450, 1452, 1453, 1455, 1456, 1457, 1458, 1459, 1460, 1461, 1464, 1465, 1466, 1469, 1470, 1472, 1516, 1517, 1518, 1519, 1520, 1521, 1523, 1529, 1533, 1534, 1535, 1536, 1537, 1538, 1539, 1540, 1541, 1542, 1546, 1551, 1552, 1554, 1555, 1556, 1557, 1558, 1559, 1561, 1564, 1565, 1566, 1572], "summary": {"covered_lines": 60, "num_statements": 77, "percent_covered": 77.92207792207792, "percent_covered_display": "78", "missing_lines": 17, "excluded_lines": 0, "percent_statements_covered": 77.92207792207792, "percent_statements_covered_display": "78"}, "missing_lines": [1524, 1525, 1526, 1530, 1531, 1543, 1544, 1545, 1547, 1548, 1549, 1550, 1562, 1567, 1568, 1569, 1570], "excluded_lines": [], "start_line": 1430}, "Queen.save_report.flush_table": {"executed_lines": [], "summary": {"covered_lines": 0, "num_statements": 36, "percent_covered": 0.0, "percent_covered_display": "0", "missing_lines": 36, "excluded_lines": 0, "percent_statements_covered": 0.0, "percent_statements_covered_display": "0"}, "missing_lines": [1473, 1474, 1476, 1477, 1478, 1480, 1481, 1482, 1483, 1484, 1485, 1486, 1487, 1488, 1490, 1491, 1492, 1493, 1494, 1495, 1496, 1497, 1498, 1499, 1500, 1502, 1503, 1504, 1506, 1507, 1508, 1509, 1511, 1512, 1513, 1514], "excluded_lines": [], "start_line": 1472}, "Queen._persist_to_db": {"executed_lines": [1586, 1587, 1589, 1590, 1591, 1592, 1601, 1602, 1603, 1604, 1605, 1607, 1609, 1610, 1613, 1615, 1616, 1617, 1618, 1619, 1620, 1623, 1624, 1627, 1628, 1636, 1652, 1653, 1654, 1655, 1662, 1665, 1670, 1674, 1685, 1724, 1725, 1726, 1728, 1729], "summary": {"covered_lines": 40, "num_statements": 67, "percent_covered": 59.701492537313435, "percent_covered_display": "60", "missing_lines": 27, "excluded_lines": 0, "percent_statements_covered": 59.701492537313435, "percent_statements_covered_display": "60"}, "missing_lines": [1593, 1594, 1595, 1596, 1598, 1599, 1621, 1657, 1663, 1675, 1682, 1688, 1694, 1697, 1701, 1702, 1703, 1704, 1705, 1706, 1707, 1708, 1709, 1711, 1717, 1720, 1721], "excluded_lines": [], "start_line": 1579}, "Queen._mark_done": {"executed_lines": [1735, 1738, 1739, 1740, 1742, 1743, 1744, 1747, 1750, 1753, 1756, 1758, 1761, 1764, 1767, 1769, 1773, 1775, 1776, 1777, 1778, 1790, 1791, 1792, 1796], "summary": {"covered_lines": 25, "num_statements": 32, "percent_covered": 78.125, "percent_covered_display": "78", "missing_lines": 7, "excluded_lines": 0, "percent_statements_covered": 78.125, "percent_statements_covered_display": "78"}, "missing_lines": [1770, 1771, 1797, 1798, 1799, 1800, 1802], "excluded_lines": [], "start_line": 1733}, "Queen.run": {"executed_lines": [1808, 1809, 1810, 1814, 1815, 1816, 1817, 1827, 1828], "summary": {"covered_lines": 9, "num_statements": 88, "percent_covered": 10.227272727272727, "percent_covered_display": "10", "missing_lines": 79, "excluded_lines": 0, "percent_statements_covered": 10.227272727272727, "percent_statements_covered_display": "10"}, "missing_lines": [1829, 1833, 1834, 1835, 1838, 1839, 1840, 1841, 1842, 1843, 1846, 1849, 1850, 1851, 1854, 1857, 1858, 1859, 1862, 1863, 1864, 1865, 1866, 1867, 1868, 1869, 1870, 1871, 1874, 1875, 1876, 1879, 1880, 1881, 1882, 1883, 1884, 1887, 1888, 1889, 1891, 1892, 1893, 1894, 1895, 1896, 1901, 1902, 1905, 1906, 1907, 1908, 1909, 1914, 1915, 1916, 1917, 1918, 1919, 1922, 1923, 1924, 1925, 1926, 1927, 1928, 1932, 1933, 1935, 1936, 1937, 1938, 1939, 1941, 1942, 1943, 1944, 1945, 1946], "excluded_lines": [], "start_line": 1806}, "": {"executed_lines": [16, 17, 18, 19, 20, 21, 22, 23, 24, 26, 27, 29, 30, 31, 38, 56, 65, 162, 164, 168, 185, 189, 195, 412, 840, 1224, 1328, 1430, 1579, 1733, 1806, 1953], "summary": {"covered_lines": 32, "num_statements": 44, "percent_covered": 72.72727272727273, "percent_covered_display": "73", "missing_lines": 12, "excluded_lines": 0, "percent_statements_covered": 72.72727272727273, "percent_statements_covered_display": "73"}, "missing_lines": [1954, 1955, 1956, 1958, 1959, 1960, 1961, 1962, 1963, 1964, 1965, 1966], "excluded_lines": [], "start_line": 1}}, "classes": {"Queen": {"executed_lines": [165, 166, 170, 171, 172, 173, 176, 177, 178, 187, 197, 198, 200, 204, 205, 207, 208, 218, 219, 220, 221, 228, 229, 230, 231, 232, 233, 236, 240, 241, 250, 251, 258, 265, 287, 289, 290, 291, 292, 293, 295, 296, 297, 298, 305, 306, 307, 310, 312, 313, 321, 322, 327, 334, 335, 342, 345, 346, 347, 355, 356, 357, 371, 372, 373, 382, 383, 384, 391, 408, 418, 419, 421, 422, 429, 434, 435, 442, 443, 444, 445, 446, 447, 448, 449, 453, 455, 456, 457, 458, 459, 460, 461, 462, 463, 464, 468, 469, 470, 471, 472, 473, 474, 475, 476, 477, 479, 480, 481, 482, 483, 484, 485, 486, 487, 488, 489, 490, 491, 492, 493, 496, 497, 502, 503, 504, 506, 507, 508, 509, 510, 511, 512, 513, 514, 517, 518, 519, 520, 527, 528, 529, 536, 537, 538, 540, 541, 542, 543, 544, 548, 550, 551, 552, 553, 554, 558, 559, 563, 564, 566, 568, 569, 570, 573, 574, 575, 576, 577, 578, 579, 580, 582, 583, 584, 585, 588, 591, 592, 593, 594, 595, 596, 597, 598, 599, 601, 602, 606, 607, 609, 621, 622, 623, 626, 627, 628, 629, 630, 634, 635, 638, 639, 655, 656, 659, 660, 675, 676, 680, 682, 685, 692, 693, 698, 699, 706, 707, 708, 709, 710, 711, 713, 714, 716, 717, 718, 722, 723, 724, 725, 726, 729, 730, 735, 736, 739, 740, 743, 744, 793, 794, 797, 798, 815, 816, 819, 820, 834, 836, 848, 849, 852, 867, 868, 869, 870, 873, 874, 901, 902, 907, 941, 942, 943, 944, 950, 971, 972, 973, 974, 984, 991, 1000, 1002, 1009, 1010, 1011, 1023, 1024, 1025, 1026, 1028, 1029, 1030, 1031, 1032, 1034, 1035, 1036, 1037, 1038, 1039, 1041, 1125, 1126, 1127, 1128, 1134, 1171, 1172, 1173, 1174, 1178, 1181, 1187, 1188, 1189, 1190, 1191, 1193, 1195, 1229, 1230, 1233, 1234, 1235, 1238, 1244, 1245, 1246, 1247, 1250, 1251, 1253, 1254, 1257, 1258, 1260, 1261, 1263, 1267, 1268, 1270, 1271, 1272, 1277, 1278, 1280, 1284, 1285, 1292, 1293, 1295, 1306, 1307, 1308, 1309, 1310, 1311, 1312, 1324, 1330, 1331, 1332, 1333, 1336, 1337, 1338, 1339, 1340, 1343, 1344, 1347, 1350, 1351, 1354, 1357, 1358, 1364, 1365, 1366, 1367, 1372, 1426, 1432, 1434, 1437, 1438, 1439, 1441, 1442, 1443, 1445, 1446, 1447, 1449, 1450, 1452, 1453, 1455, 1456, 1457, 1458, 1459, 1460, 1461, 1464, 1465, 1466, 1469, 1470, 1472, 1516, 1517, 1518, 1519, 1520, 1521, 1523, 1529, 1533, 1534, 1535, 1536, 1537, 1538, 1539, 1540, 1541, 1542, 1546, 1551, 1552, 1554, 1555, 1556, 1557, 1558, 1559, 1561, 1564, 1565, 1566, 1572, 1586, 1587, 1589, 1590, 1591, 1592, 1601, 1602, 1603, 1604, 1605, 1607, 1609, 1610, 1613, 1615, 1616, 1617, 1618, 1619, 1620, 1623, 1624, 1627, 1628, 1636, 1652, 1653, 1654, 1655, 1662, 1665, 1670, 1674, 1685, 1724, 1725, 1726, 1728, 1729, 1735, 1738, 1739, 1740, 1742, 1743, 1744, 1747, 1750, 1753, 1756, 1758, 1761, 1764, 1767, 1769, 1773, 1775, 1776, 1777, 1778, 1790, 1791, 1792, 1796, 1808, 1809, 1810, 1814, 1815, 1816, 1817, 1827, 1828], "summary": {"covered_lines": 509, "num_statements": 863, "percent_covered": 58.98030127462341, "percent_covered_display": "59", "missing_lines": 354, "excluded_lines": 0, "percent_statements_covered": 58.98030127462341, "percent_statements_covered_display": "59"}, "missing_lines": [174, 175, 179, 180, 181, 191, 248, 271, 272, 273, 274, 276, 280, 281, 283, 285, 294, 308, 332, 450, 451, 452, 454, 494, 495, 515, 516, 539, 545, 546, 547, 549, 555, 556, 557, 565, 567, 581, 608, 610, 611, 612, 613, 614, 615, 616, 617, 618, 619, 631, 632, 633, 640, 641, 642, 643, 644, 645, 646, 647, 648, 649, 650, 661, 662, 663, 664, 665, 666, 667, 668, 669, 670, 686, 687, 688, 689, 690, 694, 695, 696, 715, 719, 720, 721, 727, 728, 737, 745, 746, 747, 748, 749, 750, 751, 752, 755, 756, 757, 758, 759, 760, 761, 762, 763, 764, 765, 766, 767, 769, 770, 771, 773, 774, 775, 776, 777, 778, 779, 780, 781, 785, 786, 787, 788, 789, 790, 791, 799, 800, 801, 802, 803, 804, 805, 806, 810, 821, 822, 823, 824, 825, 826, 827, 828, 877, 879, 881, 882, 883, 884, 885, 886, 887, 888, 889, 890, 891, 893, 894, 895, 896, 897, 899, 900, 1003, 1004, 1005, 1006, 1012, 1013, 1014, 1015, 1016, 1017, 1018, 1019, 1020, 1022, 1273, 1274, 1281, 1313, 1322, 1352, 1368, 1369, 1370, 1473, 1474, 1476, 1477, 1478, 1480, 1481, 1482, 1483, 1484, 1485, 1486, 1487, 1488, 1490, 1491, 1492, 1493, 1494, 1495, 1496, 1497, 1498, 1499, 1500, 1502, 1503, 1504, 1506, 1507, 1508, 1509, 1511, 1512, 1513, 1514, 1524, 1525, 1526, 1530, 1531, 1543, 1544, 1545, 1547, 1548, 1549, 1550, 1562, 1567, 1568, 1569, 1570, 1593, 1594, 1595, 1596, 1598, 1599, 1621, 1657, 1663, 1675, 1682, 1688, 1694, 1697, 1701, 1702, 1703, 1704, 1705, 1706, 1707, 1708, 1709, 1711, 1717, 1720, 1721, 1770, 1771, 1797, 1798, 1799, 1800, 1802, 1829, 1833, 1834, 1835, 1838, 1839, 1840, 1841, 1842, 1843, 1846, 1849, 1850, 1851, 1854, 1857, 1858, 1859, 1862, 1863, 1864, 1865, 1866, 1867, 1868, 1869, 1870, 1871, 1874, 1875, 1876, 1879, 1880, 1881, 1882, 1883, 1884, 1887, 1888, 1889, 1891, 1892, 1893, 1894, 1895, 1896, 1901, 1902, 1905, 1906, 1907, 1908, 1909, 1914, 1915, 1916, 1917, 1918, 1919, 1922, 1923, 1924, 1925, 1926, 1927, 1928, 1932, 1933, 1935, 1936, 1937, 1938, 1939, 1941, 1942, 1943, 1944, 1945, 1946], "excluded_lines": [], "start_line": 162}, "Queen.save_report.UnicodePDF": {"executed_lines": [], "summary": {"covered_lines": 0, "num_statements": 0, "percent_covered": 100.0, "percent_covered_display": "100", "missing_lines": 0, "excluded_lines": 0, "percent_statements_covered": 100.0, "percent_statements_covered_display": "100"}, "missing_lines": [], "excluded_lines": [], "start_line": 1452}, "": {"executed_lines": [16, 17, 18, 19, 20, 21, 22, 23, 24, 26, 27, 29, 30, 31, 38, 40, 41, 42, 43, 44, 45, 46, 48, 56, 58, 59, 60, 61, 62, 65, 76, 77, 79, 80, 83, 86, 101, 102, 103, 104, 105, 108, 109, 124, 125, 126, 127, 128, 131, 134, 149, 150, 151, 152, 153, 155, 162, 164, 168, 185, 189, 195, 412, 840, 1224, 1328, 1430, 1579, 1733, 1806, 1953], "summary": {"covered_lines": 71, "num_statements": 83, "percent_covered": 85.5421686746988, "percent_covered_display": "86", "missing_lines": 12, "excluded_lines": 0, "percent_statements_covered": 85.5421686746988, "percent_statements_covered_display": "86"}, "missing_lines": [1954, 1955, 1956, 1958, 1959, 1960, 1961, 1962, 1963, 1964, 1965, 1966], "excluded_lines": [], "start_line": 1}}}}, "totals": {"covered_lines": 6443, "num_statements": 11908, "percent_covered": 54.106483036614044, "percent_covered_display": "54", "missing_lines": 5465, "excluded_lines": 1, "percent_statements_covered": 54.106483036614044, "percent_statements_covered_display": "54"}}